#! /c/Source/iverilog-install/bin/vvp
:ivl_version "12.0 (devel)" "(s20150603-1110-g18392a46)";
:ivl_delay_selection "TYPICAL";
:vpi_time_precision - 12;
:vpi_module "C:\Users\hp\Desktop\test1\iverilog\lib\ivl\system.vpi";
:vpi_module "C:\Users\hp\Desktop\test1\iverilog\lib\ivl\vhdl_sys.vpi";
:vpi_module "C:\Users\hp\Desktop\test1\iverilog\lib\ivl\vhdl_textio.vpi";
:vpi_module "C:\Users\hp\Desktop\test1\iverilog\lib\ivl\v2005_math.vpi";
:vpi_module "C:\Users\hp\Desktop\test1\iverilog\lib\ivl\va_math.vpi";
S_000001f8c7caedc0 .scope module, "CPU" "CPU" 2 687;
 .timescale -9 -12;
    .port_info 0 /INPUT 1 "rst";
    .port_info 1 /INPUT 1 "clk";
    .port_info 2 /INPUT 32 "inst_data";
    .port_info 3 /INPUT 10 "address";
    .port_info 4 /INPUT 1 "write_instruction";
    .port_info 5 /INPUT 1 "write_data";
    .port_info 6 /OUTPUT 32 "OutputOfRs";
L_000001f8c7c93b90 .functor BUFZ 32, v000001f8c7cab060_0, C4<00000000000000000000000000000000>, C4<00000000000000000000000000000000>, C4<00000000000000000000000000000000>;
L_000001f8c7c93ce0 .functor OR 1, v000001f8c7cab4c0_0, v000001f8c7cab6a0_0, C4<0>, C4<0>;
o000001f8c7cce618 .functor BUFZ 1, C4<z>; HiZ drive
L_000001f8c7c93d50 .functor OR 1, v000001f8c7cab6a0_0, o000001f8c7cce618, C4<0>, C4<0>;
L_000001f8c7c94610 .functor AND 1, v000001f8c7cab4c0_0, L_000001f8c7d33ec0, C4<1>, C4<1>;
v000001f8c7d2fd90_0 .net "ALU_out", 31 0, v000001f8c7cac280_0;  1 drivers
v000001f8c7d30150_0 .net "ALUctrl", 4 0, v000001f8c7d2e8f0_0;  1 drivers
v000001f8c7d2f390_0 .net "FPU_out", 31 0, v000001f8c7d25190_0;  1 drivers
v000001f8c7d2fb10_0 .net "OutputOfRs", 31 0, L_000001f8c7c93b90;  1 drivers
v000001f8c7d2fbb0_0 .net "PC", 9 0, v000001f8c7d2e5d0_0;  1 drivers
L_000001f8c7d35570 .functor BUFT 1, C4<0000000000000000000000>, C4<0>, C4<0>, C4<0>;
v000001f8c7d2fc50_0 .net/2u *"_ivl_10", 21 0, L_000001f8c7d35570;  1 drivers
v000001f8c7d31c30_0 .net *"_ivl_12", 31 0, L_000001f8c7d33560;  1 drivers
v000001f8c7d317d0_0 .net *"_ivl_2", 0 0, L_000001f8c7c93ce0;  1 drivers
v000001f8c7d32ef0_0 .net *"_ivl_23", 9 0, L_000001f8c7d33ce0;  1 drivers
v000001f8c7d32130_0 .net *"_ivl_33", 0 0, L_000001f8c7d33ec0;  1 drivers
L_000001f8c7d35528 .functor BUFT 1, C4<00011>, C4<0>, C4<0>, C4<0>;
v000001f8c7d31690_0 .net/2u *"_ivl_6", 4 0, L_000001f8c7d35528;  1 drivers
o000001f8c7ccdd48 .functor BUFZ 10, C4<zzzzzzzzzz>; HiZ drive
v000001f8c7d329f0_0 .net "address", 9 0, o000001f8c7ccdd48;  0 drivers
v000001f8c7d32d10_0 .net "address_constant", 15 0, L_000001f8c7d34320;  1 drivers
v000001f8c7d31d70_0 .net "branch", 0 0, v000001f8c7cab4c0_0;  1 drivers
o000001f8c7ccc428 .functor BUFZ 1, C4<z>; HiZ drive
v000001f8c7d32b30_0 .net "clk", 0 0, o000001f8c7ccc428;  0 drivers
v000001f8c7d31910_0 .net "converted_bin", 31 0, L_000001f8c7c94680;  1 drivers
v000001f8c7d32c70_0 .net "converted_float", 31 0, L_000001f8c7c938f0;  1 drivers
v000001f8c7d31eb0_0 .net "data_write_in_fpr", 31 0, L_000001f8c7d34dc0;  1 drivers
v000001f8c7d31870_0 .net "extended_address", 31 0, L_000001f8c7d345a0;  1 drivers
v000001f8c7d321d0_0 .net "final_wire_going_into_register_rd", 31 0, L_000001f8c7d34d20;  1 drivers
v000001f8c7d31a50_0 .net "func", 5 0, L_000001f8c7d348c0;  1 drivers
v000001f8c7d332b0_0 .net "immediate", 0 0, v000001f8c7cab600_0;  1 drivers
o000001f8c7ccdd78 .functor BUFZ 32, C4<zzzzzzzzzzzzzzzzzzzzzzzzzzzzzzzz>; HiZ drive
v000001f8c7d31f50_0 .net "inst_data", 31 0, o000001f8c7ccdd78;  0 drivers
v000001f8c7d32310_0 .net "instruction", 31 0, L_000001f8c7c943e0;  1 drivers
v000001f8c7d33350_0 .net "jaddress", 25 0, L_000001f8c7d34b40;  1 drivers
v000001f8c7d31ff0_0 .net "jal", 0 0, v000001f8c7caba60_0;  1 drivers
v000001f8c7d31af0_0 .net "jump", 0 0, v000001f8c7cabb00_0;  1 drivers
v000001f8c7d333f0_0 .net "mem_write", 0 0, v000001f8c7cab6a0_0;  1 drivers
v000001f8c7d33170_0 .net "memory_in", 9 0, L_000001f8c7d34a00;  1 drivers
v000001f8c7d33210_0 .net "memory_out", 31 0, L_000001f8c7c93880;  1 drivers
v000001f8c7d31550_0 .net "memory_write", 31 0, L_000001f8c7d34640;  1 drivers
v000001f8c7d32590_0 .net "mfc1", 0 0, v000001f8c7cabba0_0;  1 drivers
v000001f8c7d32090_0 .net "mtc1", 0 0, L_000001f8c7d33600;  1 drivers
v000001f8c7d315f0_0 .net "opcode", 5 0, L_000001f8c7d34460;  1 drivers
v000001f8c7d33030_0 .net "rd", 4 0, L_000001f8c7d33f60;  1 drivers
v000001f8c7d32810_0 .net "rs", 4 0, L_000001f8c7d33ba0;  1 drivers
v000001f8c7d31730_0 .net "rs_or_address_to_ALU", 31 0, L_000001f8c7d33c40;  1 drivers
v000001f8c7d319b0_0 .net "rs_out", 31 0, v000001f8c7cab060_0;  1 drivers
v000001f8c7d32770_0 .net "rsout_f", 31 0, v000001f8c7cac000_0;  1 drivers
o000001f8c7ccc518 .functor BUFZ 1, C4<z>; HiZ drive
v000001f8c7d31cd0_0 .net "rst", 0 0, o000001f8c7ccc518;  0 drivers
v000001f8c7d31b90_0 .net "rt", 4 0, L_000001f8c7d34000;  1 drivers
v000001f8c7d323b0_0 .net "rt_out", 31 0, v000001f8c7cabe20_0;  1 drivers
v000001f8c7d32a90_0 .net "rtout_f", 31 0, v000001f8c7cac320_0;  1 drivers
v000001f8c7d32bd0_0 .net "select_ALU_or_Mem", 0 0, v000001f8c7cac1e0_0;  1 drivers
v000001f8c7d324f0_0 .net "shamt", 4 0, L_000001f8c7d34aa0;  1 drivers
v000001f8c7d32270_0 .net "wire_going_into_register_rd", 31 0, L_000001f8c7d350e0;  1 drivers
v000001f8c7d31e10_0 .net "wire_going_into_rs", 4 0, L_000001f8c7d346e0;  1 drivers
v000001f8c7d328b0_0 .net "write_data", 0 0, o000001f8c7cce618;  0 drivers
v000001f8c7d32450_0 .net "write_data_in_register", 31 0, L_000001f8c7d34820;  1 drivers
v000001f8c7d32e50_0 .net "write_f_register", 0 0, L_000001f8c7c93ab0;  1 drivers
v000001f8c7d32630_0 .net "write_in_Register", 4 0, L_000001f8c7d33920;  1 drivers
o000001f8c7ccde08 .functor BUFZ 1, C4<z>; HiZ drive
v000001f8c7d326d0_0 .net "write_instruction", 0 0, o000001f8c7ccde08;  0 drivers
v000001f8c7d32950_0 .net "write_reg", 0 0, v000001f8c7cac0a0_0;  1 drivers
L_000001f8c7d346e0 .functor MUXZ 5, L_000001f8c7d33ba0, L_000001f8c7d33f60, L_000001f8c7c93ce0, C4<>;
L_000001f8c7d33920 .functor MUXZ 5, L_000001f8c7d33f60, L_000001f8c7d35528, v000001f8c7caba60_0, C4<>;
L_000001f8c7d33560 .concat [ 10 22 0 0], v000001f8c7d2e5d0_0, L_000001f8c7d35570;
L_000001f8c7d350e0 .functor MUXZ 32, L_000001f8c7d34820, L_000001f8c7d33560, v000001f8c7caba60_0, C4<>;
L_000001f8c7d34d20 .functor MUXZ 32, L_000001f8c7d350e0, L_000001f8c7c94680, v000001f8c7cabba0_0, C4<>;
L_000001f8c7d33c40 .functor MUXZ 32, v000001f8c7cab060_0, L_000001f8c7d345a0, v000001f8c7cab600_0, C4<>;
L_000001f8c7d34820 .functor MUXZ 32, v000001f8c7cac280_0, L_000001f8c7c93880, v000001f8c7cac1e0_0, C4<>;
L_000001f8c7d33ce0 .part v000001f8c7cac280_0, 0, 10;
L_000001f8c7d34a00 .functor MUXZ 10, L_000001f8c7d33ce0, o000001f8c7ccdd48, o000001f8c7cce618, C4<>;
L_000001f8c7d34640 .functor MUXZ 32, v000001f8c7cab060_0, o000001f8c7ccdd78, o000001f8c7cce618, C4<>;
L_000001f8c7d34f00 .part v000001f8c7cac280_0, 0, 10;
L_000001f8c7d33ec0 .part v000001f8c7cac280_0, 0, 1;
L_000001f8c7d34dc0 .functor MUXZ 32, v000001f8c7d25190_0, L_000001f8c7c938f0, L_000001f8c7d33600, C4<>;
S_000001f8c7c5ac60 .scope module, "Fpr" "RegisterFile" 2 754, 2 21 0, S_000001f8c7caedc0;
 .timescale -9 -12;
    .port_info 0 /INPUT 5 "rd";
    .port_info 1 /INPUT 5 "rs";
    .port_info 2 /INPUT 5 "rt";
    .port_info 3 /INPUT 1 "clk";
    .port_info 4 /INPUT 1 "we";
    .port_info 5 /INPUT 32 "write_data";
    .port_info 6 /OUTPUT 32 "rs_out";
    .port_info 7 /OUTPUT 32 "rt_out";
    .port_info 8 /INPUT 1 "rst";
v000001f8c7caac00 .array "Registers", 0 31, 31 0;
v000001f8c7caae80_0 .net "clk", 0 0, o000001f8c7ccc428;  alias, 0 drivers
v000001f8c7cabce0_0 .var/i "i", 31 0;
v000001f8c7caab60_0 .net "rd", 4 0, L_000001f8c7d33f60;  alias, 1 drivers
v000001f8c7caaa20_0 .net "rs", 4 0, L_000001f8c7d33ba0;  alias, 1 drivers
v000001f8c7cac000_0 .var "rs_out", 31 0;
v000001f8c7cab920_0 .net "rst", 0 0, o000001f8c7ccc518;  alias, 0 drivers
v000001f8c7cab880_0 .net "rt", 4 0, L_000001f8c7d34000;  alias, 1 drivers
v000001f8c7cac320_0 .var "rt_out", 31 0;
v000001f8c7caaf20_0 .net "we", 0 0, L_000001f8c7c93ab0;  alias, 1 drivers
v000001f8c7caaac0_0 .net "write_data", 31 0, L_000001f8c7d34dc0;  alias, 1 drivers
E_000001f8c7cb0d10 .event negedge, v000001f8c7caae80_0;
E_000001f8c7cb0450 .event anyedge, v000001f8c7cab880_0, v000001f8c7caaa20_0;
S_000001f8c7c5adf0 .scope module, "RAM" "RegisterFile" 2 741, 2 21 0, S_000001f8c7caedc0;
 .timescale -9 -12;
    .port_info 0 /INPUT 5 "rd";
    .port_info 1 /INPUT 5 "rs";
    .port_info 2 /INPUT 5 "rt";
    .port_info 3 /INPUT 1 "clk";
    .port_info 4 /INPUT 1 "we";
    .port_info 5 /INPUT 32 "write_data";
    .port_info 6 /OUTPUT 32 "rs_out";
    .port_info 7 /OUTPUT 32 "rt_out";
    .port_info 8 /INPUT 1 "rst";
v000001f8c7cab420 .array "Registers", 0 31, 31 0;
v000001f8c7cabec0_0 .net "clk", 0 0, o000001f8c7ccc428;  alias, 0 drivers
v000001f8c7cac500_0 .var/i "i", 31 0;
v000001f8c7caaca0_0 .net "rd", 4 0, L_000001f8c7d33920;  alias, 1 drivers
v000001f8c7cab100_0 .net "rs", 4 0, L_000001f8c7d346e0;  alias, 1 drivers
v000001f8c7cab060_0 .var "rs_out", 31 0;
v000001f8c7cab1a0_0 .net "rst", 0 0, o000001f8c7ccc518;  alias, 0 drivers
v000001f8c7cac3c0_0 .net "rt", 4 0, L_000001f8c7d34000;  alias, 1 drivers
v000001f8c7cabe20_0 .var "rt_out", 31 0;
v000001f8c7cab240_0 .net "we", 0 0, v000001f8c7cac0a0_0;  alias, 1 drivers
v000001f8c7cabf60_0 .net "write_data", 31 0, L_000001f8c7d34d20;  alias, 1 drivers
E_000001f8c7cb0c90 .event anyedge, v000001f8c7cab880_0, v000001f8c7cab100_0;
S_000001f8c7c0e000 .scope module, "brain" "Controller" 2 738, 2 549 0, S_000001f8c7caedc0;
 .timescale -9 -12;
    .port_info 0 /INPUT 1 "clk";
    .port_info 1 /INPUT 6 "opcode";
    .port_info 2 /OUTPUT 1 "write_reg";
    .port_info 3 /OUTPUT 1 "data_write";
    .port_info 4 /OUTPUT 1 "immediate";
    .port_info 5 /OUTPUT 1 "jump";
    .port_info 6 /OUTPUT 1 "branch";
    .port_info 7 /OUTPUT 1 "jal";
    .port_info 8 /OUTPUT 1 "select_ALU_or_Mem";
    .port_info 9 /INPUT 1 "rst";
    .port_info 10 /OUTPUT 1 "mfc1";
v000001f8c7cab4c0_0 .var "branch", 0 0;
v000001f8c7cab560_0 .net "clk", 0 0, o000001f8c7ccc428;  alias, 0 drivers
v000001f8c7cab6a0_0 .var "data_write", 0 0;
v000001f8c7cab600_0 .var "immediate", 0 0;
v000001f8c7caba60_0 .var "jal", 0 0;
v000001f8c7cabb00_0 .var "jump", 0 0;
v000001f8c7cabba0_0 .var "mfc1", 0 0;
v000001f8c7cabd80_0 .net "opcode", 5 0, L_000001f8c7d34460;  alias, 1 drivers
v000001f8c7cabc40_0 .net "rst", 0 0, o000001f8c7ccc518;  alias, 0 drivers
v000001f8c7cac1e0_0 .var "select_ALU_or_Mem", 0 0;
v000001f8c7cac0a0_0 .var "write_reg", 0 0;
E_000001f8c7cb0490 .event anyedge, v000001f8c7cab920_0, v000001f8c7cabd80_0;
S_000001f8c7c0e250 .scope module, "brawn" "ALU" 2 744, 2 89 0, S_000001f8c7caedc0;
 .timescale -9 -12;
    .port_info 0 /INPUT 32 "inp1";
    .port_info 1 /INPUT 32 "inp2";
    .port_info 2 /INPUT 5 "ALUctrl";
    .port_info 3 /INPUT 1 "clk";
    .port_info 4 /OUTPUT 32 "ALUout";
    .port_info 5 /INPUT 5 "shamt";
v000001f8c7cac140_0 .net "ALUctrl", 4 0, v000001f8c7d2e8f0_0;  alias, 1 drivers
v000001f8c7cac280_0 .var "ALUout", 31 0;
v000001f8c7c8e4d0_0 .net/s *"_ivl_0", 63 0, L_000001f8c7d339c0;  1 drivers
v000001f8c7c8fe70_0 .net/s *"_ivl_2", 63 0, L_000001f8c7d34be0;  1 drivers
v000001f8c7c8ef70_0 .net "clk", 0 0, o000001f8c7ccc428;  alias, 0 drivers
v000001f8c7d245b0_0 .net "inp1", 31 0, v000001f8c7cabe20_0;  alias, 1 drivers
v000001f8c7d25e10_0 .net "inp2", 31 0, L_000001f8c7d33c40;  alias, 1 drivers
v000001f8c7d24fb0_0 .net "product", 63 0, L_000001f8c7d34c80;  1 drivers
v000001f8c7d24c90_0 .net "shamt", 4 0, L_000001f8c7d34aa0;  alias, 1 drivers
E_000001f8c7cb0f10/0 .event anyedge, v000001f8c7d24fb0_0, v000001f8c7d24c90_0, v000001f8c7cac140_0, v000001f8c7d25e10_0;
E_000001f8c7cb0f10/1 .event anyedge, v000001f8c7cabe20_0;
E_000001f8c7cb0f10 .event/or E_000001f8c7cb0f10/0, E_000001f8c7cb0f10/1;
L_000001f8c7d339c0 .extend/s 64, v000001f8c7cabe20_0;
L_000001f8c7d34be0 .extend/s 64, L_000001f8c7d33c40;
L_000001f8c7d34c80 .arith/mult 64, L_000001f8c7d339c0, L_000001f8c7d34be0;
S_000001f8c7c44fe0 .scope module, "btfp" "Binary_to_FloatingPoint" 2 751, 2 127 0, S_000001f8c7caedc0;
 .timescale -9 -12;
    .port_info 0 /INPUT 32 "bin_input";
    .port_info 1 /OUTPUT 32 "floating_output";
L_000001f8c7c938f0 .functor BUFZ 32, v000001f8c7cabe20_0, C4<00000000000000000000000000000000>, C4<00000000000000000000000000000000>, C4<00000000000000000000000000000000>;
v000001f8c7d24f10_0 .net "bin_input", 31 0, v000001f8c7cabe20_0;  alias, 1 drivers
v000001f8c7d25050_0 .net "floating_output", 31 0, L_000001f8c7c938f0;  alias, 1 drivers
S_000001f8c7c45170 .scope module, "data_mem" "DistributedMemory" 2 735, 2 4 0, S_000001f8c7caedc0;
 .timescale -9 -12;
    .port_info 0 /INPUT 10 "a";
    .port_info 1 /INPUT 10 "dpra";
    .port_info 2 /INPUT 1 "we";
    .port_info 3 /INPUT 1 "clk";
    .port_info 4 /INPUT 32 "d";
    .port_info 5 /OUTPUT 32 "dpo";
L_000001f8c7c93880 .functor BUFZ 32, L_000001f8c7d33b00, C4<00000000000000000000000000000000>, C4<00000000000000000000000000000000>, C4<00000000000000000000000000000000>;
v000001f8c7d24650 .array "Address_locations", 0 1023, 31 0;
v000001f8c7d25370_0 .net *"_ivl_0", 31 0, L_000001f8c7d33b00;  1 drivers
v000001f8c7d25910_0 .net *"_ivl_2", 11 0, L_000001f8c7d33e20;  1 drivers
L_000001f8c7d35600 .functor BUFT 1, C4<00>, C4<0>, C4<0>, C4<0>;
v000001f8c7d24970_0 .net *"_ivl_5", 1 0, L_000001f8c7d35600;  1 drivers
v000001f8c7d25550_0 .net "a", 9 0, L_000001f8c7d34a00;  alias, 1 drivers
v000001f8c7d25a50_0 .net "clk", 0 0, o000001f8c7ccc428;  alias, 0 drivers
v000001f8c7d25ff0_0 .net "d", 31 0, L_000001f8c7d34640;  alias, 1 drivers
v000001f8c7d255f0_0 .net "dpo", 31 0, L_000001f8c7c93880;  alias, 1 drivers
v000001f8c7d25c30_0 .net "dpra", 9 0, L_000001f8c7d34f00;  1 drivers
v000001f8c7d26310_0 .net "we", 0 0, L_000001f8c7c93d50;  1 drivers
L_000001f8c7d33b00 .array/port v000001f8c7d24650, L_000001f8c7d33e20;
L_000001f8c7d33e20 .concat [ 10 2 0 0], L_000001f8c7d34f00, L_000001f8c7d35600;
S_000001f8c7c45300 .scope module, "floating_point_ALU" "FPU" 2 758, 2 398 0, S_000001f8c7caedc0;
 .timescale -9 -12;
    .port_info 0 /INPUT 32 "inp1";
    .port_info 1 /INPUT 32 "inp2";
    .port_info 2 /OUTPUT 32 "FPUout";
    .port_info 3 /INPUT 6 "opcode";
v000001f8c7d25730_0 .net "Adder_cout", 31 0, v000001f8c7d24d30_0;  1 drivers
v000001f8c7d25190_0 .var "FPUout", 31 0;
L_000001f8c7d357b0 .functor BUFT 1, C4<100011>, C4<0>, C4<0>, C4<0>;
v000001f8c7d24e70_0 .net/2u *"_ivl_0", 5 0, L_000001f8c7d357b0;  1 drivers
v000001f8c7d254b0_0 .var "cc", 0 0;
v000001f8c7d252d0_0 .net "inp1", 31 0, v000001f8c7cac000_0;  alias, 1 drivers
v000001f8c7d261d0_0 .net "inp2", 31 0, v000001f8c7cac320_0;  alias, 1 drivers
v000001f8c7d248d0_0 .net "inp2_intoALU", 31 0, L_000001f8c7d34500;  1 drivers
v000001f8c7d246f0_0 .net "invert", 0 0, L_000001f8c7d340a0;  1 drivers
v000001f8c7d24790_0 .net "opcode", 5 0, L_000001f8c7d34460;  alias, 1 drivers
E_000001f8c7cb0ad0 .event anyedge, v000001f8c7d24d30_0, v000001f8c7cabd80_0, v000001f8c7cac320_0, v000001f8c7cac000_0;
L_000001f8c7d340a0 .cmp/eq 6, L_000001f8c7d34460, L_000001f8c7d357b0;
S_000001f8c7bfc760 .scope module, "bt" "bit_inverser" 2 407, 2 391 0, S_000001f8c7c45300;
 .timescale -9 -12;
    .port_info 0 /INPUT 1 "invert";
    .port_info 1 /INPUT 32 "inp";
    .port_info 2 /OUTPUT 32 "out";
L_000001f8c7d357f8 .functor BUFT 1, C4<10000000000000000000000000000000>, C4<0>, C4<0>, C4<0>;
L_000001f8c7c93ea0 .functor XOR 32, v000001f8c7cac320_0, L_000001f8c7d357f8, C4<00000000000000000000000000000000>, C4<00000000000000000000000000000000>;
v000001f8c7d26090_0 .net/2u *"_ivl_0", 31 0, L_000001f8c7d357f8;  1 drivers
v000001f8c7d24510_0 .net *"_ivl_2", 31 0, L_000001f8c7c93ea0;  1 drivers
v000001f8c7d24a10_0 .net "inp", 31 0, v000001f8c7cac320_0;  alias, 1 drivers
v000001f8c7d24ab0_0 .net "invert", 0 0, L_000001f8c7d340a0;  alias, 1 drivers
v000001f8c7d25cd0_0 .net "out", 31 0, L_000001f8c7d34500;  alias, 1 drivers
L_000001f8c7d34500 .functor MUXZ 32, v000001f8c7cac320_0, L_000001f8c7c93ea0, L_000001f8c7d340a0, C4<>;
S_000001f8c7bfc8f0 .scope module, "fa" "floating_adder" 2 408, 2 133 0, S_000001f8c7c45300;
 .timescale -9 -12;
    .port_info 0 /INPUT 32 "inp1";
    .port_info 1 /INPUT 32 "inp2";
    .port_info 2 /OUTPUT 32 "out";
v000001f8c7d24b50_0 .var "ans", 24 0;
v000001f8c7d25eb0_0 .var "diff", 7 0;
v000001f8c7d25690_0 .var "exponenta", 7 0;
v000001f8c7d25410_0 .var "exponentb", 7 0;
v000001f8c7d24bf0_0 .net "inp1", 31 0, v000001f8c7cac000_0;  alias, 1 drivers
v000001f8c7d250f0_0 .net "inp2", 31 0, L_000001f8c7d34500;  alias, 1 drivers
v000001f8c7d259b0_0 .var "into", 0 0;
v000001f8c7d24830_0 .var "manta", 23 0;
v000001f8c7d25af0_0 .var "mantb", 23 0;
v000001f8c7d24d30_0 .var "out", 31 0;
v000001f8c7d24dd0_0 .var "ruffa", 22 0;
v000001f8c7d26130_0 .var "ruffb", 22 0;
v000001f8c7d263b0_0 .var "signa", 0 0;
v000001f8c7d25f50_0 .var "signb", 0 0;
E_000001f8c7cb0510 .event anyedge, v000001f8c7d25cd0_0, v000001f8c7cac000_0;
S_000001f8c7bfca80 .scope module, "fpr_ctrlr" "FPR_controller" 2 756, 2 680 0, S_000001f8c7caedc0;
 .timescale -9 -12;
    .port_info 0 /INPUT 6 "opcode";
    .port_info 1 /OUTPUT 1 "write_fpr";
    .port_info 2 /OUTPUT 1 "mtc1";
L_000001f8c7c94450 .functor OR 1, L_000001f8c7d34e60, L_000001f8c7d35040, C4<0>, C4<0>;
L_000001f8c7c93a40 .functor OR 1, L_000001f8c7c94450, L_000001f8c7d35220, C4<0>, C4<0>;
L_000001f8c7c93ab0 .functor OR 1, L_000001f8c7c93a40, L_000001f8c7d35400, C4<0>, C4<0>;
L_000001f8c7d35648 .functor BUFT 1, C4<100001>, C4<0>, C4<0>, C4<0>;
v000001f8c7d25230_0 .net/2u *"_ivl_0", 5 0, L_000001f8c7d35648;  1 drivers
L_000001f8c7d356d8 .functor BUFT 1, C4<100011>, C4<0>, C4<0>, C4<0>;
v000001f8c7d257d0_0 .net/2u *"_ivl_10", 5 0, L_000001f8c7d356d8;  1 drivers
v000001f8c7d26270_0 .net *"_ivl_12", 0 0, L_000001f8c7d35220;  1 drivers
v000001f8c7d25870_0 .net *"_ivl_15", 0 0, L_000001f8c7c93a40;  1 drivers
L_000001f8c7d35720 .functor BUFT 1, C4<101001>, C4<0>, C4<0>, C4<0>;
v000001f8c7d25b90_0 .net/2u *"_ivl_16", 5 0, L_000001f8c7d35720;  1 drivers
v000001f8c7d25d70_0 .net *"_ivl_18", 0 0, L_000001f8c7d35400;  1 drivers
v000001f8c7d2ea30_0 .net *"_ivl_2", 0 0, L_000001f8c7d34e60;  1 drivers
L_000001f8c7d35768 .functor BUFT 1, C4<100001>, C4<0>, C4<0>, C4<0>;
v000001f8c7d2f1b0_0 .net/2u *"_ivl_22", 5 0, L_000001f8c7d35768;  1 drivers
L_000001f8c7d35690 .functor BUFT 1, C4<100010>, C4<0>, C4<0>, C4<0>;
v000001f8c7d2f110_0 .net/2u *"_ivl_4", 5 0, L_000001f8c7d35690;  1 drivers
v000001f8c7d2fcf0_0 .net *"_ivl_6", 0 0, L_000001f8c7d35040;  1 drivers
v000001f8c7d301f0_0 .net *"_ivl_9", 0 0, L_000001f8c7c94450;  1 drivers
v000001f8c7d30330_0 .net "mtc1", 0 0, L_000001f8c7d33600;  alias, 1 drivers
v000001f8c7d2f7f0_0 .net "opcode", 5 0, L_000001f8c7d34460;  alias, 1 drivers
v000001f8c7d30290_0 .net "write_fpr", 0 0, L_000001f8c7c93ab0;  alias, 1 drivers
L_000001f8c7d34e60 .cmp/eq 6, L_000001f8c7d34460, L_000001f8c7d35648;
L_000001f8c7d35040 .cmp/eq 6, L_000001f8c7d34460, L_000001f8c7d35690;
L_000001f8c7d35220 .cmp/eq 6, L_000001f8c7d34460, L_000001f8c7d356d8;
L_000001f8c7d35400 .cmp/eq 6, L_000001f8c7d34460, L_000001f8c7d35720;
L_000001f8c7d33600 .cmp/eq 6, L_000001f8c7d34460, L_000001f8c7d35768;
S_000001f8c79cd590 .scope module, "fptb" "Floating_point_to_Binary" 2 750, 2 120 0, S_000001f8c7caedc0;
 .timescale -9 -12;
    .port_info 0 /INPUT 32 "floating_input";
    .port_info 1 /OUTPUT 32 "bin_output";
L_000001f8c7c94680 .functor BUFZ 32, v000001f8c7cac320_0, C4<00000000000000000000000000000000>, C4<00000000000000000000000000000000>, C4<00000000000000000000000000000000>;
v000001f8c7d2ff70_0 .net "bin_output", 31 0, L_000001f8c7c94680;  alias, 1 drivers
v000001f8c7d2ee90_0 .net "floating_input", 31 0, v000001f8c7cac320_0;  alias, 1 drivers
S_000001f8c79cd720 .scope module, "instruction_mem" "DistributedMemory" 2 729, 2 4 0, S_000001f8c7caedc0;
 .timescale -9 -12;
    .port_info 0 /INPUT 10 "a";
    .port_info 1 /INPUT 10 "dpra";
    .port_info 2 /INPUT 1 "we";
    .port_info 3 /INPUT 1 "clk";
    .port_info 4 /INPUT 32 "d";
    .port_info 5 /OUTPUT 32 "dpo";
L_000001f8c7c943e0 .functor BUFZ 32, L_000001f8c7d34fa0, C4<00000000000000000000000000000000>, C4<00000000000000000000000000000000>, C4<00000000000000000000000000000000>;
v000001f8c7d2e530 .array "Address_locations", 0 1023, 31 0;
v000001f8c7d2f2f0_0 .net *"_ivl_0", 31 0, L_000001f8c7d34fa0;  1 drivers
v000001f8c7d2e990_0 .net *"_ivl_2", 11 0, L_000001f8c7d341e0;  1 drivers
L_000001f8c7d355b8 .functor BUFT 1, C4<00>, C4<0>, C4<0>, C4<0>;
v000001f8c7d2f570_0 .net *"_ivl_5", 1 0, L_000001f8c7d355b8;  1 drivers
v000001f8c7d2f610_0 .net "a", 9 0, o000001f8c7ccdd48;  alias, 0 drivers
v000001f8c7d2ef30_0 .net "clk", 0 0, o000001f8c7ccc428;  alias, 0 drivers
v000001f8c7d2e710_0 .net "d", 31 0, o000001f8c7ccdd78;  alias, 0 drivers
v000001f8c7d303d0_0 .net "dpo", 31 0, L_000001f8c7c943e0;  alias, 1 drivers
v000001f8c7d2ec10_0 .net "dpra", 9 0, v000001f8c7d2e5d0_0;  alias, 1 drivers
v000001f8c7d2f430_0 .net "we", 0 0, o000001f8c7ccde08;  alias, 0 drivers
L_000001f8c7d34fa0 .array/port v000001f8c7d2e530, L_000001f8c7d341e0;
L_000001f8c7d341e0 .concat [ 10 2 0 0], v000001f8c7d2e5d0_0, L_000001f8c7d355b8;
S_000001f8c79cd8b0 .scope module, "legs" "PC_Controller" 2 745, 2 424 0, S_000001f8c7caedc0;
 .timescale -9 -12;
    .port_info 0 /INPUT 1 "clk";
    .port_info 1 /OUTPUT 10 "PC";
    .port_info 2 /INPUT 1 "rst";
    .port_info 3 /INPUT 1 "jump";
    .port_info 4 /INPUT 26 "jaddress";
    .port_info 5 /INPUT 1 "branch";
    .port_info 6 /INPUT 16 "branchval";
v000001f8c7d2e5d0_0 .var "PC", 9 0;
v000001f8c7d2e670_0 .net "branch", 0 0, L_000001f8c7c94610;  1 drivers
v000001f8c7d2e7b0_0 .net "branchval", 15 0, L_000001f8c7d34320;  alias, 1 drivers
v000001f8c7d2fed0_0 .net "clk", 0 0, o000001f8c7ccc428;  alias, 0 drivers
v000001f8c7d2e850_0 .net "jaddress", 25 0, L_000001f8c7d34b40;  alias, 1 drivers
v000001f8c7d2f6b0_0 .net "jump", 0 0, v000001f8c7cabb00_0;  alias, 1 drivers
v000001f8c7d2fe30_0 .net "rst", 0 0, o000001f8c7ccc518;  alias, 0 drivers
E_000001f8c7cb0f90 .event posedge, v000001f8c7caae80_0;
S_000001f8c7c4a1c0 .scope module, "nerves" "ALU_controller" 2 743, 2 464 0, S_000001f8c7caedc0;
 .timescale -9 -12;
    .port_info 0 /INPUT 6 "opcode";
    .port_info 1 /INPUT 6 "func";
    .port_info 2 /OUTPUT 5 "ALUctrl";
v000001f8c7d2e8f0_0 .var "ALUctrl", 4 0;
v000001f8c7d2ead0_0 .net "func", 5 0, L_000001f8c7d348c0;  alias, 1 drivers
v000001f8c7d2f750_0 .net "opcode", 5 0, L_000001f8c7d34460;  alias, 1 drivers
E_000001f8c7cb0350 .event anyedge, v000001f8c7d2ead0_0, v000001f8c7cabd80_0;
S_000001f8c7c4a350 .scope module, "sign_extend_addr_const" "SignExtender" 2 726, 2 533 0, S_000001f8c7caedc0;
 .timescale -9 -12;
    .port_info 0 /INPUT 16 "inp";
    .port_info 1 /OUTPUT 32 "out";
v000001f8c7d2eb70_0 .net *"_ivl_1", 0 0, L_000001f8c7d34780;  1 drivers
v000001f8c7d2ecb0_0 .net *"_ivl_2", 15 0, L_000001f8c7d35360;  1 drivers
v000001f8c7d2edf0_0 .net "inp", 15 0, L_000001f8c7d34320;  alias, 1 drivers
v000001f8c7d2f890_0 .net "out", 31 0, L_000001f8c7d345a0;  alias, 1 drivers
L_000001f8c7d34780 .part L_000001f8c7d34320, 15, 1;
LS_000001f8c7d35360_0_0 .concat [ 1 1 1 1], L_000001f8c7d34780, L_000001f8c7d34780, L_000001f8c7d34780, L_000001f8c7d34780;
LS_000001f8c7d35360_0_4 .concat [ 1 1 1 1], L_000001f8c7d34780, L_000001f8c7d34780, L_000001f8c7d34780, L_000001f8c7d34780;
LS_000001f8c7d35360_0_8 .concat [ 1 1 1 1], L_000001f8c7d34780, L_000001f8c7d34780, L_000001f8c7d34780, L_000001f8c7d34780;
LS_000001f8c7d35360_0_12 .concat [ 1 1 1 1], L_000001f8c7d34780, L_000001f8c7d34780, L_000001f8c7d34780, L_000001f8c7d34780;
L_000001f8c7d35360 .concat [ 4 4 4 4], LS_000001f8c7d35360_0_0, LS_000001f8c7d35360_0_4, LS_000001f8c7d35360_0_8, LS_000001f8c7d35360_0_12;
L_000001f8c7d345a0 .concat [ 16 16 0 0], L_000001f8c7d34320, L_000001f8c7d35360;
S_000001f8c7d311c0 .scope module, "split" "Splitter" 2 737, 2 58 0, S_000001f8c7caedc0;
 .timescale -9 -12;
    .port_info 0 /INPUT 32 "instruction";
    .port_info 1 /OUTPUT 5 "rt";
    .port_info 2 /OUTPUT 5 "rs";
    .port_info 3 /OUTPUT 5 "rd";
    .port_info 4 /OUTPUT 6 "func";
    .port_info 5 /OUTPUT 5 "shamt";
    .port_info 6 /OUTPUT 6 "opcode";
    .port_info 7 /OUTPUT 16 "address_constant";
    .port_info 8 /OUTPUT 26 "jaddress";
v000001f8c7d30010_0 .net "address_constant", 15 0, L_000001f8c7d34320;  alias, 1 drivers
v000001f8c7d300b0_0 .net "func", 5 0, L_000001f8c7d348c0;  alias, 1 drivers
v000001f8c7d2f930_0 .net "instruction", 31 0, L_000001f8c7c943e0;  alias, 1 drivers
v000001f8c7d2efd0_0 .net "jaddress", 25 0, L_000001f8c7d34b40;  alias, 1 drivers
v000001f8c7d2f070_0 .net "opcode", 5 0, L_000001f8c7d34460;  alias, 1 drivers
v000001f8c7d2f4d0_0 .net "rd", 4 0, L_000001f8c7d33f60;  alias, 1 drivers
v000001f8c7d2f9d0_0 .net "rs", 4 0, L_000001f8c7d33ba0;  alias, 1 drivers
v000001f8c7d2f250_0 .net "rt", 4 0, L_000001f8c7d34000;  alias, 1 drivers
v000001f8c7d2fa70_0 .net "shamt", 4 0, L_000001f8c7d34aa0;  alias, 1 drivers
L_000001f8c7d34460 .part L_000001f8c7c943e0, 26, 6;
L_000001f8c7d33f60 .part L_000001f8c7c943e0, 21, 5;
L_000001f8c7d34000 .part L_000001f8c7c943e0, 16, 5;
L_000001f8c7d33ba0 .part L_000001f8c7c943e0, 11, 5;
L_000001f8c7d34aa0 .part L_000001f8c7c943e0, 6, 5;
L_000001f8c7d348c0 .part L_000001f8c7c943e0, 0, 6;
L_000001f8c7d34320 .part L_000001f8c7c943e0, 0, 16;
L_000001f8c7d34b40 .part L_000001f8c7c943e0, 0, 26;
S_000001f8c7c5aad0 .scope module, "mux2_1" "mux2_1" 2 539;
 .timescale -9 -12;
    .port_info 0 /INPUT 32 "inp0";
    .port_info 1 /INPUT 32 "inp1";
    .port_info 2 /INPUT 1 "select";
    .port_info 3 /OUTPUT 32 "out";
P_000001f8c7cb0ed0 .param/l "size" 0 2 540, +C4<00000000000000000000000000100000>;
o000001f8c7cce7c8 .functor BUFZ 32, C4<zzzzzzzzzzzzzzzzzzzzzzzzzzzzzzzz>; HiZ drive
v000001f8c7d32db0_0 .net "inp0", 31 0, o000001f8c7cce7c8;  0 drivers
o000001f8c7cce7f8 .functor BUFZ 32, C4<zzzzzzzzzzzzzzzzzzzzzzzzzzzzzzzz>; HiZ drive
v000001f8c7d32f90_0 .net "inp1", 31 0, o000001f8c7cce7f8;  0 drivers
v000001f8c7d330d0_0 .net "out", 31 0, L_000001f8c7d35180;  1 drivers
o000001f8c7cce858 .functor BUFZ 1, C4<z>; HiZ drive
v000001f8c7d34960_0 .net "select", 0 0, o000001f8c7cce858;  0 drivers
L_000001f8c7d35180 .functor MUXZ 32, o000001f8c7cce7f8, o000001f8c7cce7c8, o000001f8c7cce858, C4<>;
    .scope S_000001f8c79cd720;
T_0 ;
    %wait E_000001f8c7cb0d10;
    %load/vec4 v000001f8c7d2f430_0;
    %flag_set/vec4 8;
    %jmp/0xz  T_0.0, 8;
    %load/vec4 v000001f8c7d2e710_0;
    %load/vec4 v000001f8c7d2f610_0;
    %pad/u 12;
    %ix/vec4 4;
    %store/vec4a v000001f8c7d2e530, 4, 0;
    %jmp T_0.1;
T_0.0 ;
    %load/vec4 v000001f8c7d2f610_0;
    %pad/u 12;
    %ix/vec4 4;
    %load/vec4a v000001f8c7d2e530, 4;
    %load/vec4 v000001f8c7d2f610_0;
    %pad/u 12;
    %ix/vec4 4;
    %store/vec4a v000001f8c7d2e530, 4, 0;
T_0.1 ;
    %jmp T_0;
    .thread T_0;
    .scope S_000001f8c7c45170;
T_1 ;
    %wait E_000001f8c7cb0d10;
    %load/vec4 v000001f8c7d26310_0;
    %flag_set/vec4 8;
    %jmp/0xz  T_1.0, 8;
    %load/vec4 v000001f8c7d25ff0_0;
    %load/vec4 v000001f8c7d25550_0;
    %pad/u 12;
    %ix/vec4 4;
    %store/vec4a v000001f8c7d24650, 4, 0;
    %jmp T_1.1;
T_1.0 ;
    %load/vec4 v000001f8c7d25550_0;
    %pad/u 12;
    %ix/vec4 4;
    %load/vec4a v000001f8c7d24650, 4;
    %load/vec4 v000001f8c7d25550_0;
    %pad/u 12;
    %ix/vec4 4;
    %store/vec4a v000001f8c7d24650, 4, 0;
T_1.1 ;
    %jmp T_1;
    .thread T_1;
    .scope S_000001f8c7c0e000;
T_2 ;
    %wait E_000001f8c7cb0490;
    %load/vec4 v000001f8c7cabc40_0;
    %flag_set/vec4 8;
    %jmp/0xz  T_2.0, 8;
    %pushi/vec4 0, 0, 1;
    %store/vec4 v000001f8c7cab600_0, 0, 1;
    %pushi/vec4 0, 0, 1;
    %store/vec4 v000001f8c7cabb00_0, 0, 1;
    %pushi/vec4 0, 0, 1;
    %store/vec4 v000001f8c7cab4c0_0, 0, 1;
    %pushi/vec4 0, 0, 1;
    %store/vec4 v000001f8c7cac1e0_0, 0, 1;
    %pushi/vec4 0, 0, 1;
    %store/vec4 v000001f8c7cab6a0_0, 0, 1;
    %pushi/vec4 0, 0, 1;
    %store/vec4 v000001f8c7cac0a0_0, 0, 1;
    %pushi/vec4 0, 0, 1;
    %store/vec4 v000001f8c7caba60_0, 0, 1;
    %pushi/vec4 0, 0, 1;
    %store/vec4 v000001f8c7cabba0_0, 0, 1;
    %jmp T_2.1;
T_2.0 ;
    %load/vec4 v000001f8c7cabd80_0;
    %pad/u 32;
    %cmpi/e 0, 0, 32;
    %jmp/0xz  T_2.2, 4;
    %pushi/vec4 0, 0, 1;
    %store/vec4 v000001f8c7cab6a0_0, 0, 1;
    %pushi/vec4 1, 0, 1;
    %store/vec4 v000001f8c7cac0a0_0, 0, 1;
    %pushi/vec4 0, 0, 1;
    %store/vec4 v000001f8c7cab600_0, 0, 1;
    %pushi/vec4 0, 0, 1;
    %store/vec4 v000001f8c7cac1e0_0, 0, 1;
    %pushi/vec4 0, 0, 1;
    %store/vec4 v000001f8c7cab4c0_0, 0, 1;
    %pushi/vec4 0, 0, 1;
    %store/vec4 v000001f8c7cabb00_0, 0, 1;
    %pushi/vec4 0, 0, 1;
    %store/vec4 v000001f8c7caba60_0, 0, 1;
    %pushi/vec4 0, 0, 1;
    %store/vec4 v000001f8c7cabba0_0, 0, 1;
    %jmp T_2.3;
T_2.2 ;
    %load/vec4 v000001f8c7cabd80_0;
    %pad/u 32;
    %cmpi/e 1, 0, 32;
    %flag_mov 8, 4;
    %load/vec4 v000001f8c7cabd80_0;
    %pad/u 32;
    %cmpi/e 2, 0, 32;
    %flag_or 4, 8;
    %flag_mov 8, 4;
    %load/vec4 v000001f8c7cabd80_0;
    %pad/u 32;
    %cmpi/e 3, 0, 32;
    %flag_or 4, 8;
    %flag_mov 8, 4;
    %load/vec4 v000001f8c7cabd80_0;
    %pad/u 32;
    %cmpi/e 4, 0, 32;
    %flag_or 4, 8;
    %flag_mov 8, 4;
    %load/vec4 v000001f8c7cabd80_0;
    %pad/u 32;
    %cmpi/e 5, 0, 32;
    %flag_or 4, 8;
    %jmp/0xz  T_2.4, 4;
    %pushi/vec4 0, 0, 1;
    %store/vec4 v000001f8c7cab6a0_0, 0, 1;
    %pushi/vec4 1, 0, 1;
    %store/vec4 v000001f8c7cac0a0_0, 0, 1;
    %pushi/vec4 1, 0, 1;
    %store/vec4 v000001f8c7cab600_0, 0, 1;
    %pushi/vec4 0, 0, 1;
    %store/vec4 v000001f8c7cac1e0_0, 0, 1;
    %pushi/vec4 0, 0, 1;
    %store/vec4 v000001f8c7cab4c0_0, 0, 1;
    %pushi/vec4 0, 0, 1;
    %store/vec4 v000001f8c7cabb00_0, 0, 1;
    %pushi/vec4 0, 0, 1;
    %store/vec4 v000001f8c7caba60_0, 0, 1;
    %pushi/vec4 0, 0, 1;
    %store/vec4 v000001f8c7cabba0_0, 0, 1;
    %jmp T_2.5;
T_2.4 ;
    %load/vec4 v000001f8c7cabd80_0;
    %pad/u 32;
    %cmpi/e 7, 0, 32;
    %jmp/0xz  T_2.6, 4;
    %pushi/vec4 1, 0, 1;
    %store/vec4 v000001f8c7cac0a0_0, 0, 1;
    %pushi/vec4 0, 0, 1;
    %store/vec4 v000001f8c7cab6a0_0, 0, 1;
    %pushi/vec4 1, 0, 1;
    %store/vec4 v000001f8c7cab600_0, 0, 1;
    %pushi/vec4 1, 0, 1;
    %store/vec4 v000001f8c7cac1e0_0, 0, 1;
    %pushi/vec4 0, 0, 1;
    %store/vec4 v000001f8c7cab4c0_0, 0, 1;
    %pushi/vec4 0, 0, 1;
    %store/vec4 v000001f8c7cabb00_0, 0, 1;
    %pushi/vec4 0, 0, 1;
    %store/vec4 v000001f8c7caba60_0, 0, 1;
    %pushi/vec4 0, 0, 1;
    %store/vec4 v000001f8c7cabba0_0, 0, 1;
    %jmp T_2.7;
T_2.6 ;
    %load/vec4 v000001f8c7cabd80_0;
    %pad/u 32;
    %cmpi/e 8, 0, 32;
    %jmp/0xz  T_2.8, 4;
    %pushi/vec4 0, 0, 1;
    %store/vec4 v000001f8c7cac0a0_0, 0, 1;
    %pushi/vec4 1, 0, 1;
    %store/vec4 v000001f8c7cab6a0_0, 0, 1;
    %pushi/vec4 1, 0, 1;
    %store/vec4 v000001f8c7cab600_0, 0, 1;
    %pushi/vec4 0, 0, 1;
    %store/vec4 v000001f8c7cac1e0_0, 0, 1;
    %pushi/vec4 0, 0, 1;
    %store/vec4 v000001f8c7cab4c0_0, 0, 1;
    %pushi/vec4 0, 0, 1;
    %store/vec4 v000001f8c7cabb00_0, 0, 1;
    %pushi/vec4 0, 0, 1;
    %store/vec4 v000001f8c7caba60_0, 0, 1;
    %pushi/vec4 0, 0, 1;
    %store/vec4 v000001f8c7cabba0_0, 0, 1;
    %jmp T_2.9;
T_2.8 ;
    %load/vec4 v000001f8c7cabd80_0;
    %pad/u 32;
    %cmpi/e 9, 0, 32;
    %flag_mov 8, 4;
    %load/vec4 v000001f8c7cabd80_0;
    %pad/u 32;
    %cmpi/e 10, 0, 32;
    %flag_or 4, 8;
    %jmp/0xz  T_2.10, 4;
    %pushi/vec4 1, 0, 1;
    %store/vec4 v000001f8c7cac0a0_0, 0, 1;
    %pushi/vec4 0, 0, 1;
    %store/vec4 v000001f8c7cab6a0_0, 0, 1;
    %pushi/vec4 1, 0, 1;
    %store/vec4 v000001f8c7cab600_0, 0, 1;
    %pushi/vec4 0, 0, 1;
    %store/vec4 v000001f8c7cac1e0_0, 0, 1;
    %pushi/vec4 0, 0, 1;
    %store/vec4 v000001f8c7cab4c0_0, 0, 1;
    %pushi/vec4 0, 0, 1;
    %store/vec4 v000001f8c7cabb00_0, 0, 1;
    %pushi/vec4 0, 0, 1;
    %store/vec4 v000001f8c7caba60_0, 0, 1;
    %pushi/vec4 0, 0, 1;
    %store/vec4 v000001f8c7cabba0_0, 0, 1;
    %jmp T_2.11;
T_2.10 ;
    %load/vec4 v000001f8c7cabd80_0;
    %cmpi/e 11, 0, 6;
    %jmp/0xz  T_2.12, 4;
    %pushi/vec4 1, 0, 1;
    %store/vec4 v000001f8c7cac0a0_0, 0, 1;
    %pushi/vec4 0, 0, 1;
    %store/vec4 v000001f8c7cab6a0_0, 0, 1;
    %pushi/vec4 1, 0, 1;
    %store/vec4 v000001f8c7cab600_0, 0, 1;
    %pushi/vec4 0, 0, 1;
    %store/vec4 v000001f8c7cac1e0_0, 0, 1;
    %pushi/vec4 0, 0, 1;
    %store/vec4 v000001f8c7cab4c0_0, 0, 1;
    %pushi/vec4 0, 0, 1;
    %store/vec4 v000001f8c7cabb00_0, 0, 1;
    %pushi/vec4 0, 0, 1;
    %store/vec4 v000001f8c7caba60_0, 0, 1;
    %pushi/vec4 0, 0, 1;
    %store/vec4 v000001f8c7cabba0_0, 0, 1;
    %jmp T_2.13;
T_2.12 ;
    %load/vec4 v000001f8c7cabd80_0;
    %pad/u 32;
    %cmpi/e 16, 0, 32;
    %flag_mov 8, 4;
    %load/vec4 v000001f8c7cabd80_0;
    %pad/u 32;
    %cmpi/e 17, 0, 32;
    %flag_or 4, 8;
    %flag_mov 8, 4;
    %load/vec4 v000001f8c7cabd80_0;
    %pad/u 32;
    %cmpi/e 18, 0, 32;
    %flag_or 4, 8;
    %flag_mov 8, 4;
    %load/vec4 v000001f8c7cabd80_0;
    %pad/u 32;
    %cmpi/e 19, 0, 32;
    %flag_or 4, 8;
    %flag_mov 8, 4;
    %load/vec4 v000001f8c7cabd80_0;
    %pad/u 32;
    %cmpi/e 20, 0, 32;
    %flag_or 4, 8;
    %flag_mov 8, 4;
    %load/vec4 v000001f8c7cabd80_0;
    %pad/u 32;
    %cmpi/e 21, 0, 32;
    %flag_or 4, 8;
    %flag_mov 8, 4;
    %load/vec4 v000001f8c7cabd80_0;
    %pad/u 32;
    %cmpi/e 22, 0, 32;
    %flag_or 4, 8;
    %flag_mov 8, 4;
    %load/vec4 v000001f8c7cabd80_0;
    %pad/u 32;
    %cmpi/e 23, 0, 32;
    %flag_or 4, 8;
    %jmp/0xz  T_2.14, 4;
    %pushi/vec4 0, 0, 1;
    %store/vec4 v000001f8c7cac0a0_0, 0, 1;
    %pushi/vec4 0, 0, 1;
    %store/vec4 v000001f8c7cab6a0_0, 0, 1;
    %pushi/vec4 0, 0, 1;
    %store/vec4 v000001f8c7cab600_0, 0, 1;
    %pushi/vec4 0, 0, 1;
    %store/vec4 v000001f8c7cac1e0_0, 0, 1;
    %pushi/vec4 1, 0, 1;
    %store/vec4 v000001f8c7cab4c0_0, 0, 1;
    %pushi/vec4 0, 0, 1;
    %store/vec4 v000001f8c7cabb00_0, 0, 1;
    %pushi/vec4 0, 0, 1;
    %store/vec4 v000001f8c7caba60_0, 0, 1;
    %pushi/vec4 0, 0, 1;
    %store/vec4 v000001f8c7cabba0_0, 0, 1;
    %jmp T_2.15;
T_2.14 ;
    %load/vec4 v000001f8c7cabd80_0;
    %cmpi/e 24, 0, 6;
    %flag_mov 8, 4;
    %load/vec4 v000001f8c7cabd80_0;
    %cmpi/e 25, 0, 6;
    %flag_or 4, 8;
    %jmp/0xz  T_2.16, 4;
    %pushi/vec4 0, 0, 1;
    %store/vec4 v000001f8c7cac0a0_0, 0, 1;
    %pushi/vec4 0, 0, 1;
    %store/vec4 v000001f8c7cab6a0_0, 0, 1;
    %pushi/vec4 0, 0, 1;
    %store/vec4 v000001f8c7cab600_0, 0, 1;
    %pushi/vec4 0, 0, 1;
    %store/vec4 v000001f8c7cac1e0_0, 0, 1;
    %pushi/vec4 0, 0, 1;
    %store/vec4 v000001f8c7cab4c0_0, 0, 1;
    %pushi/vec4 1, 0, 1;
    %store/vec4 v000001f8c7cabb00_0, 0, 1;
    %pushi/vec4 0, 0, 1;
    %store/vec4 v000001f8c7caba60_0, 0, 1;
    %pushi/vec4 0, 0, 1;
    %store/vec4 v000001f8c7cabba0_0, 0, 1;
    %jmp T_2.17;
T_2.16 ;
    %load/vec4 v000001f8c7cabd80_0;
    %cmpi/e 26, 0, 6;
    %jmp/0xz  T_2.18, 4;
    %pushi/vec4 1, 0, 1;
    %store/vec4 v000001f8c7cac0a0_0, 0, 1;
    %pushi/vec4 0, 0, 1;
    %store/vec4 v000001f8c7cab6a0_0, 0, 1;
    %pushi/vec4 0, 0, 1;
    %store/vec4 v000001f8c7cab600_0, 0, 1;
    %pushi/vec4 0, 0, 1;
    %store/vec4 v000001f8c7cac1e0_0, 0, 1;
    %pushi/vec4 0, 0, 1;
    %store/vec4 v000001f8c7cab4c0_0, 0, 1;
    %pushi/vec4 1, 0, 1;
    %store/vec4 v000001f8c7cabb00_0, 0, 1;
    %pushi/vec4 1, 0, 1;
    %store/vec4 v000001f8c7caba60_0, 0, 1;
    %pushi/vec4 0, 0, 1;
    %store/vec4 v000001f8c7cabba0_0, 0, 1;
    %jmp T_2.19;
T_2.18 ;
    %load/vec4 v000001f8c7cabd80_0;
    %cmpi/e 32, 0, 6;
    %jmp/0xz  T_2.20, 4;
    %pushi/vec4 1, 0, 1;
    %store/vec4 v000001f8c7cac0a0_0, 0, 1;
    %pushi/vec4 0, 0, 1;
    %store/vec4 v000001f8c7cab6a0_0, 0, 1;
    %pushi/vec4 0, 0, 1;
    %store/vec4 v000001f8c7cab600_0, 0, 1;
    %pushi/vec4 0, 0, 1;
    %store/vec4 v000001f8c7cac1e0_0, 0, 1;
    %pushi/vec4 0, 0, 1;
    %store/vec4 v000001f8c7cab4c0_0, 0, 1;
    %pushi/vec4 0, 0, 1;
    %store/vec4 v000001f8c7cabb00_0, 0, 1;
    %pushi/vec4 0, 0, 1;
    %store/vec4 v000001f8c7caba60_0, 0, 1;
    %pushi/vec4 1, 0, 1;
    %store/vec4 v000001f8c7cabba0_0, 0, 1;
    %jmp T_2.21;
T_2.20 ;
    %pushi/vec4 0, 0, 1;
    %store/vec4 v000001f8c7cac0a0_0, 0, 1;
    %pushi/vec4 0, 0, 1;
    %store/vec4 v000001f8c7cab6a0_0, 0, 1;
    %pushi/vec4 0, 0, 1;
    %store/vec4 v000001f8c7cab600_0, 0, 1;
    %pushi/vec4 0, 0, 1;
    %store/vec4 v000001f8c7cac1e0_0, 0, 1;
    %pushi/vec4 0, 0, 1;
    %store/vec4 v000001f8c7cab4c0_0, 0, 1;
    %pushi/vec4 0, 0, 1;
    %store/vec4 v000001f8c7cabb00_0, 0, 1;
    %pushi/vec4 0, 0, 1;
    %store/vec4 v000001f8c7caba60_0, 0, 1;
    %pushi/vec4 0, 0, 1;
    %store/vec4 v000001f8c7cabba0_0, 0, 1;
T_2.21 ;
T_2.19 ;
T_2.17 ;
T_2.15 ;
T_2.13 ;
T_2.11 ;
T_2.9 ;
T_2.7 ;
T_2.5 ;
T_2.3 ;
T_2.1 ;
    %jmp T_2;
    .thread T_2, $push;
    .scope S_000001f8c7c5adf0;
T_3 ;
    %wait E_000001f8c7cb0c90;
    %load/vec4 v000001f8c7cac3c0_0;
    %pad/u 7;
    %ix/vec4 4;
    %load/vec4a v000001f8c7cab420, 4;
    %store/vec4 v000001f8c7cabe20_0, 0, 32;
    %load/vec4 v000001f8c7cab100_0;
    %pad/u 7;
    %ix/vec4 4;
    %load/vec4a v000001f8c7cab420, 4;
    %store/vec4 v000001f8c7cab060_0, 0, 32;
    %jmp T_3;
    .thread T_3, $push;
    .scope S_000001f8c7c5adf0;
T_4 ;
    %wait E_000001f8c7cb0d10;
    %load/vec4 v000001f8c7cab1a0_0;
    %flag_set/vec4 8;
    %jmp/0xz  T_4.0, 8;
    %pushi/vec4 0, 0, 32;
    %store/vec4 v000001f8c7cac500_0, 0, 32;
T_4.2 ;
    %load/vec4 v000001f8c7cac500_0;
    %cmpi/s 32, 0, 32;
    %jmp/0xz T_4.3, 5;
    %pushi/vec4 0, 0, 32;
    %ix/getv/s 4, v000001f8c7cac500_0;
    %store/vec4a v000001f8c7cab420, 4, 0;
    %load/vec4 v000001f8c7cac500_0;
    %addi 1, 0, 32;
    %store/vec4 v000001f8c7cac500_0, 0, 32;
    %jmp T_4.2;
T_4.3 ;
    %jmp T_4.1;
T_4.0 ;
    %load/vec4 v000001f8c7cab240_0;
    %flag_set/vec4 8;
    %jmp/0xz  T_4.4, 8;
    %load/vec4 v000001f8c7cabf60_0;
    %load/vec4 v000001f8c7caaca0_0;
    %pad/u 7;
    %ix/vec4 4;
    %store/vec4a v000001f8c7cab420, 4, 0;
    %jmp T_4.5;
T_4.4 ;
    %load/vec4 v000001f8c7caaca0_0;
    %pad/u 7;
    %ix/vec4 4;
    %load/vec4a v000001f8c7cab420, 4;
    %load/vec4 v000001f8c7caaca0_0;
    %pad/u 7;
    %ix/vec4 4;
    %store/vec4a v000001f8c7cab420, 4, 0;
T_4.5 ;
T_4.1 ;
    %jmp T_4;
    .thread T_4;
    .scope S_000001f8c7c4a1c0;
T_5 ;
    %wait E_000001f8c7cb0350;
    %load/vec4 v000001f8c7d2f750_0;
    %cmpi/e 7, 0, 6;
    %flag_mov 8, 4;
    %load/vec4 v000001f8c7d2f750_0;
    %cmpi/e 8, 0, 6;
    %flag_or 4, 8;
    %jmp/0xz  T_5.0, 4;
    %pushi/vec4 0, 0, 5;
    %store/vec4 v000001f8c7d2e8f0_0, 0, 5;
    %jmp T_5.1;
T_5.0 ;
    %load/vec4 v000001f8c7d2f750_0;
    %pad/u 32;
    %cmpi/e 1, 0, 32;
    %jmp/0xz  T_5.2, 4;
    %pushi/vec4 0, 0, 5;
    %store/vec4 v000001f8c7d2e8f0_0, 0, 5;
    %jmp T_5.3;
T_5.2 ;
    %load/vec4 v000001f8c7d2f750_0;
    %pad/u 32;
    %cmpi/e 2, 0, 32;
    %jmp/0xz  T_5.4, 4;
    %pushi/vec4 2, 0, 5;
    %store/vec4 v000001f8c7d2e8f0_0, 0, 5;
    %jmp T_5.5;
T_5.4 ;
    %load/vec4 v000001f8c7d2f750_0;
    %pad/u 32;
    %cmpi/e 3, 0, 32;
    %jmp/0xz  T_5.6, 4;
    %pushi/vec4 4, 0, 5;
    %store/vec4 v000001f8c7d2e8f0_0, 0, 5;
    %jmp T_5.7;
T_5.6 ;
    %load/vec4 v000001f8c7d2f750_0;
    %pad/u 32;
    %cmpi/e 4, 0, 32;
    %jmp/0xz  T_5.8, 4;
    %pushi/vec4 3, 0, 5;
    %store/vec4 v000001f8c7d2e8f0_0, 0, 5;
    %jmp T_5.9;
T_5.8 ;
    %load/vec4 v000001f8c7d2f750_0;
    %pad/u 32;
    %cmpi/e 5, 0, 32;
    %jmp/0xz  T_5.10, 4;
    %pushi/vec4 0, 0, 5;
    %store/vec4 v000001f8c7d2e8f0_0, 0, 5;
    %jmp T_5.11;
T_5.10 ;
    %load/vec4 v000001f8c7d2f750_0;
    %cmpi/e 9, 0, 6;
    %flag_mov 8, 4;
    %load/vec4 v000001f8c7d2f750_0;
    %cmpi/e 20, 0, 6;
    %flag_or 4, 8;
    %flag_mov 8, 4;
    %load/vec4 v000001f8c7d2f750_0;
    %cmpi/e 22, 0, 6;
    %flag_or 4, 8;
    %jmp/0xz  T_5.12, 4;
    %pushi/vec4 10, 0, 5;
    %store/vec4 v000001f8c7d2e8f0_0, 0, 5;
    %jmp T_5.13;
T_5.12 ;
    %load/vec4 v000001f8c7d2f750_0;
    %cmpi/e 10, 0, 6;
    %flag_mov 8, 4;
    %load/vec4 v000001f8c7d2f750_0;
    %cmpi/e 16, 0, 6;
    %flag_or 4, 8;
    %jmp/0xz  T_5.14, 4;
    %pushi/vec4 9, 0, 5;
    %store/vec4 v000001f8c7d2e8f0_0, 0, 5;
    %jmp T_5.15;
T_5.14 ;
    %load/vec4 v000001f8c7d2f750_0;
    %cmpi/e 17, 0, 6;
    %jmp/0xz  T_5.16, 4;
    %pushi/vec4 8, 0, 5;
    %store/vec4 v000001f8c7d2e8f0_0, 0, 5;
    %jmp T_5.17;
T_5.16 ;
    %load/vec4 v000001f8c7d2f750_0;
    %cmpi/e 18, 0, 6;
    %flag_mov 8, 4;
    %load/vec4 v000001f8c7d2f750_0;
    %cmpi/e 23, 0, 6;
    %flag_or 4, 8;
    %jmp/0xz  T_5.18, 4;
    %pushi/vec4 12, 0, 5;
    %store/vec4 v000001f8c7d2e8f0_0, 0, 5;
    %jmp T_5.19;
T_5.18 ;
    %load/vec4 v000001f8c7d2f750_0;
    %cmpi/e 19, 0, 6;
    %jmp/0xz  T_5.20, 4;
    %pushi/vec4 13, 0, 5;
    %store/vec4 v000001f8c7d2e8f0_0, 0, 5;
    %jmp T_5.21;
T_5.20 ;
    %load/vec4 v000001f8c7d2f750_0;
    %cmpi/e 21, 0, 6;
    %jmp/0xz  T_5.22, 4;
    %pushi/vec4 11, 0, 5;
    %store/vec4 v000001f8c7d2e8f0_0, 0, 5;
    %jmp T_5.23;
T_5.22 ;
    %load/vec4 v000001f8c7d2f750_0;
    %cmpi/e 11, 0, 6;
    %jmp/0xz  T_5.24, 4;
    %pushi/vec4 14, 0, 5;
    %store/vec4 v000001f8c7d2e8f0_0, 0, 5;
    %jmp T_5.25;
T_5.24 ;
    %load/vec4 v000001f8c7d2f750_0;
    %cmpi/e 0, 0, 6;
    %jmp/0xz  T_5.26, 4;
    %load/vec4 v000001f8c7d2ead0_0;
    %dup/vec4;
    %pushi/vec4 0, 0, 6;
    %cmp/u;
    %jmp/1 T_5.28, 6;
    %dup/vec4;
    %pushi/vec4 1, 0, 6;
    %cmp/u;
    %jmp/1 T_5.29, 6;
    %dup/vec4;
    %pushi/vec4 2, 0, 6;
    %cmp/u;
    %jmp/1 T_5.30, 6;
    %dup/vec4;
    %pushi/vec4 3, 0, 6;
    %cmp/u;
    %jmp/1 T_5.31, 6;
    %dup/vec4;
    %pushi/vec4 4, 0, 6;
    %cmp/u;
    %jmp/1 T_5.32, 6;
    %dup/vec4;
    %pushi/vec4 5, 0, 6;
    %cmp/u;
    %jmp/1 T_5.33, 6;
    %dup/vec4;
    %pushi/vec4 6, 0, 6;
    %cmp/u;
    %jmp/1 T_5.34, 6;
    %dup/vec4;
    %pushi/vec4 7, 0, 6;
    %cmp/u;
    %jmp/1 T_5.35, 6;
    %dup/vec4;
    %pushi/vec4 8, 0, 6;
    %cmp/u;
    %jmp/1 T_5.36, 6;
    %dup/vec4;
    %pushi/vec4 9, 0, 6;
    %cmp/u;
    %jmp/1 T_5.37, 6;
    %dup/vec4;
    %pushi/vec4 10, 0, 6;
    %cmp/u;
    %jmp/1 T_5.38, 6;
    %dup/vec4;
    %pushi/vec4 11, 0, 6;
    %cmp/u;
    %jmp/1 T_5.39, 6;
    %dup/vec4;
    %pushi/vec4 12, 0, 6;
    %cmp/u;
    %jmp/1 T_5.40, 6;
    %pushi/vec4 31, 0, 5;
    %store/vec4 v000001f8c7d2e8f0_0, 0, 5;
    %jmp T_5.42;
T_5.28 ;
    %pushi/vec4 0, 0, 5;
    %store/vec4 v000001f8c7d2e8f0_0, 0, 5;
    %jmp T_5.42;
T_5.29 ;
    %pushi/vec4 1, 0, 5;
    %store/vec4 v000001f8c7d2e8f0_0, 0, 5;
    %jmp T_5.42;
T_5.30 ;
    %pushi/vec4 2, 0, 5;
    %store/vec4 v000001f8c7d2e8f0_0, 0, 5;
    %jmp T_5.42;
T_5.31 ;
    %pushi/vec4 4, 0, 5;
    %store/vec4 v000001f8c7d2e8f0_0, 0, 5;
    %jmp T_5.42;
T_5.32 ;
    %pushi/vec4 5, 0, 5;
    %store/vec4 v000001f8c7d2e8f0_0, 0, 5;
    %jmp T_5.42;
T_5.33 ;
    %pushi/vec4 3, 0, 5;
    %store/vec4 v000001f8c7d2e8f0_0, 0, 5;
    %jmp T_5.42;
T_5.34 ;
    %pushi/vec4 0, 0, 5;
    %store/vec4 v000001f8c7d2e8f0_0, 0, 5;
    %jmp T_5.42;
T_5.35 ;
    %pushi/vec4 1, 0, 5;
    %store/vec4 v000001f8c7d2e8f0_0, 0, 5;
    %jmp T_5.42;
T_5.36 ;
    %pushi/vec4 10, 0, 5;
    %store/vec4 v000001f8c7d2e8f0_0, 0, 5;
    %jmp T_5.42;
T_5.37 ;
    %pushi/vec4 6, 0, 5;
    %store/vec4 v000001f8c7d2e8f0_0, 0, 5;
    %jmp T_5.42;
T_5.38 ;
    %pushi/vec4 7, 0, 5;
    %store/vec4 v000001f8c7d2e8f0_0, 0, 5;
    %jmp T_5.42;
T_5.39 ;
    %pushi/vec4 16, 0, 5;
    %store/vec4 v000001f8c7d2e8f0_0, 0, 5;
    %jmp T_5.42;
T_5.40 ;
    %pushi/vec4 15, 0, 5;
    %store/vec4 v000001f8c7d2e8f0_0, 0, 5;
    %jmp T_5.42;
T_5.42 ;
    %pop/vec4 1;
    %jmp T_5.27;
T_5.26 ;
    %pushi/vec4 31, 0, 5;
    %store/vec4 v000001f8c7d2e8f0_0, 0, 5;
T_5.27 ;
T_5.25 ;
T_5.23 ;
T_5.21 ;
T_5.19 ;
T_5.17 ;
T_5.15 ;
T_5.13 ;
T_5.11 ;
T_5.9 ;
T_5.7 ;
T_5.5 ;
T_5.3 ;
T_5.1 ;
    %jmp T_5;
    .thread T_5, $push;
    .scope S_000001f8c7c0e250;
T_6 ;
    %wait E_000001f8c7cb0f10;
    %load/vec4 v000001f8c7cac140_0;
    %dup/vec4;
    %pushi/vec4 0, 0, 5;
    %cmp/u;
    %jmp/1 T_6.0, 6;
    %dup/vec4;
    %pushi/vec4 1, 0, 5;
    %cmp/u;
    %jmp/1 T_6.1, 6;
    %dup/vec4;
    %pushi/vec4 2, 0, 5;
    %cmp/u;
    %jmp/1 T_6.2, 6;
    %dup/vec4;
    %pushi/vec4 3, 0, 5;
    %cmp/u;
    %jmp/1 T_6.3, 6;
    %dup/vec4;
    %pushi/vec4 4, 0, 5;
    %cmp/u;
    %jmp/1 T_6.4, 6;
    %dup/vec4;
    %pushi/vec4 5, 0, 5;
    %cmp/u;
    %jmp/1 T_6.5, 6;
    %dup/vec4;
    %pushi/vec4 6, 0, 5;
    %cmp/u;
    %jmp/1 T_6.6, 6;
    %dup/vec4;
    %pushi/vec4 7, 0, 5;
    %cmp/u;
    %jmp/1 T_6.7, 6;
    %dup/vec4;
    %pushi/vec4 8, 0, 5;
    %cmp/u;
    %jmp/1 T_6.8, 6;
    %dup/vec4;
    %pushi/vec4 9, 0, 5;
    %cmp/u;
    %jmp/1 T_6.9, 6;
    %dup/vec4;
    %pushi/vec4 10, 0, 5;
    %cmp/u;
    %jmp/1 T_6.10, 6;
    %dup/vec4;
    %pushi/vec4 11, 0, 5;
    %cmp/u;
    %jmp/1 T_6.11, 6;
    %dup/vec4;
    %pushi/vec4 12, 0, 5;
    %cmp/u;
    %jmp/1 T_6.12, 6;
    %dup/vec4;
    %pushi/vec4 13, 0, 5;
    %cmp/u;
    %jmp/1 T_6.13, 6;
    %dup/vec4;
    %pushi/vec4 14, 0, 5;
    %cmp/u;
    %jmp/1 T_6.14, 6;
    %dup/vec4;
    %pushi/vec4 15, 0, 5;
    %cmp/u;
    %jmp/1 T_6.15, 6;
    %dup/vec4;
    %pushi/vec4 16, 0, 5;
    %cmp/u;
    %jmp/1 T_6.16, 6;
    %pushi/vec4 3735928559, 0, 32;
    %store/vec4 v000001f8c7cac280_0, 0, 32;
    %jmp T_6.18;
T_6.0 ;
    %load/vec4 v000001f8c7d245b0_0;
    %load/vec4 v000001f8c7d25e10_0;
    %add;
    %store/vec4 v000001f8c7cac280_0, 0, 32;
    %jmp T_6.18;
T_6.1 ;
    %load/vec4 v000001f8c7d245b0_0;
    %load/vec4 v000001f8c7d25e10_0;
    %sub;
    %store/vec4 v000001f8c7cac280_0, 0, 32;
    %jmp T_6.18;
T_6.2 ;
    %load/vec4 v000001f8c7d245b0_0;
    %load/vec4 v000001f8c7d25e10_0;
    %and;
    %store/vec4 v000001f8c7cac280_0, 0, 32;
    %jmp T_6.18;
T_6.3 ;
    %load/vec4 v000001f8c7d245b0_0;
    %load/vec4 v000001f8c7d25e10_0;
    %xor;
    %store/vec4 v000001f8c7cac280_0, 0, 32;
    %jmp T_6.18;
T_6.4 ;
    %load/vec4 v000001f8c7d245b0_0;
    %load/vec4 v000001f8c7d25e10_0;
    %or;
    %store/vec4 v000001f8c7cac280_0, 0, 32;
    %jmp T_6.18;
T_6.5 ;
    %load/vec4 v000001f8c7d245b0_0;
    %inv;
    %store/vec4 v000001f8c7cac280_0, 0, 32;
    %jmp T_6.18;
T_6.6 ;
    %load/vec4 v000001f8c7d245b0_0;
    %ix/getv 4, v000001f8c7d24c90_0;
    %shiftl 4;
    %store/vec4 v000001f8c7cac280_0, 0, 32;
    %jmp T_6.18;
T_6.7 ;
    %load/vec4 v000001f8c7d245b0_0;
    %ix/getv 4, v000001f8c7d24c90_0;
    %shiftr 4;
    %store/vec4 v000001f8c7cac280_0, 0, 32;
    %jmp T_6.18;
T_6.8 ;
    %load/vec4 v000001f8c7d245b0_0;
    %load/vec4 v000001f8c7d25e10_0;
    %cmp/ne;
    %flag_get/vec4 4;
    %pad/u 32;
    %store/vec4 v000001f8c7cac280_0, 0, 32;
    %jmp T_6.18;
T_6.9 ;
    %load/vec4 v000001f8c7d245b0_0;
    %load/vec4 v000001f8c7d25e10_0;
    %cmp/e;
    %flag_get/vec4 4;
    %pad/u 32;
    %store/vec4 v000001f8c7cac280_0, 0, 32;
    %jmp T_6.18;
T_6.10 ;
    %load/vec4 v000001f8c7d245b0_0;
    %load/vec4 v000001f8c7d25e10_0;
    %cmp/s;
    %flag_get/vec4 5;
    %pad/u 32;
    %store/vec4 v000001f8c7cac280_0, 0, 32;
    %jmp T_6.18;
T_6.11 ;
    %load/vec4 v000001f8c7d245b0_0;
    %load/vec4 v000001f8c7d25e10_0;
    %cmp/s;
    %flag_get/vec4 4;
    %flag_get/vec4 5;
    %or;
    %pad/u 32;
    %store/vec4 v000001f8c7cac280_0, 0, 32;
    %jmp T_6.18;
T_6.12 ;
    %load/vec4 v000001f8c7d25e10_0;
    %load/vec4 v000001f8c7d245b0_0;
    %cmp/s;
    %flag_get/vec4 5;
    %pad/u 32;
    %store/vec4 v000001f8c7cac280_0, 0, 32;
    %jmp T_6.18;
T_6.13 ;
    %load/vec4 v000001f8c7d25e10_0;
    %load/vec4 v000001f8c7d245b0_0;
    %cmp/s;
    %flag_get/vec4 4;
    %flag_get/vec4 5;
    %or;
    %pad/u 32;
    %store/vec4 v000001f8c7cac280_0, 0, 32;
    %jmp T_6.18;
T_6.14 ;
    %load/vec4 v000001f8c7d25e10_0;
    %ix/load 4, 16, 0;
    %flag_set/imm 4, 0;
    %shiftl 4;
    %store/vec4 v000001f8c7cac280_0, 0, 32;
    %jmp T_6.18;
T_6.15 ;
    %load/vec4 v000001f8c7d24fb0_0;
    %parti/s 32, 0, 2;
    %store/vec4 v000001f8c7cac280_0, 0, 32;
    %jmp T_6.18;
T_6.16 ;
    %load/vec4 v000001f8c7d24fb0_0;
    %parti/s 32, 32, 7;
    %store/vec4 v000001f8c7cac280_0, 0, 32;
    %jmp T_6.18;
T_6.18 ;
    %pop/vec4 1;
    %jmp T_6;
    .thread T_6, $push;
    .scope S_000001f8c79cd8b0;
T_7 ;
    %wait E_000001f8c7cb0f90;
    %load/vec4 v000001f8c7d2fe30_0;
    %flag_set/vec4 8;
    %jmp/0xz  T_7.0, 8;
    %pushi/vec4 0, 0, 10;
    %store/vec4 v000001f8c7d2e5d0_0, 0, 10;
    %jmp T_7.1;
T_7.0 ;
    %load/vec4 v000001f8c7d2f6b0_0;
    %flag_set/vec4 8;
    %jmp/0xz  T_7.2, 8;
    %load/vec4 v000001f8c7d2e850_0;
    %pad/u 10;
    %store/vec4 v000001f8c7d2e5d0_0, 0, 10;
    %jmp T_7.3;
T_7.2 ;
    %load/vec4 v000001f8c7d2e670_0;
    %flag_set/vec4 8;
    %jmp/0xz  T_7.4, 8;
    %load/vec4 v000001f8c7d2e5d0_0;
    %pad/u 16;
    %addi 1, 0, 16;
    %load/vec4 v000001f8c7d2e7b0_0;
    %add;
    %pad/u 10;
    %store/vec4 v000001f8c7d2e5d0_0, 0, 10;
    %jmp T_7.5;
T_7.4 ;
    %load/vec4 v000001f8c7d2e5d0_0;
    %pad/u 32;
    %cmpi/u 100, 0, 32;
    %flag_or 5, 4;
    %jmp/0xz  T_7.6, 5;
    %load/vec4 v000001f8c7d2e5d0_0;
    %addi 1, 0, 10;
    %store/vec4 v000001f8c7d2e5d0_0, 0, 10;
    %jmp T_7.7;
T_7.6 ;
    %load/vec4 v000001f8c7d2e5d0_0;
    %store/vec4 v000001f8c7d2e5d0_0, 0, 10;
T_7.7 ;
T_7.5 ;
T_7.3 ;
T_7.1 ;
    %jmp T_7;
    .thread T_7;
    .scope S_000001f8c7c5ac60;
T_8 ;
    %wait E_000001f8c7cb0450;
    %load/vec4 v000001f8c7cab880_0;
    %pad/u 7;
    %ix/vec4 4;
    %load/vec4a v000001f8c7caac00, 4;
    %store/vec4 v000001f8c7cac320_0, 0, 32;
    %load/vec4 v000001f8c7caaa20_0;
    %pad/u 7;
    %ix/vec4 4;
    %load/vec4a v000001f8c7caac00, 4;
    %store/vec4 v000001f8c7cac000_0, 0, 32;
    %jmp T_8;
    .thread T_8, $push;
    .scope S_000001f8c7c5ac60;
T_9 ;
    %wait E_000001f8c7cb0d10;
    %load/vec4 v000001f8c7cab920_0;
    %flag_set/vec4 8;
    %jmp/0xz  T_9.0, 8;
    %pushi/vec4 0, 0, 32;
    %store/vec4 v000001f8c7cabce0_0, 0, 32;
T_9.2 ;
    %load/vec4 v000001f8c7cabce0_0;
    %cmpi/s 32, 0, 32;
    %jmp/0xz T_9.3, 5;
    %pushi/vec4 0, 0, 32;
    %ix/getv/s 4, v000001f8c7cabce0_0;
    %store/vec4a v000001f8c7caac00, 4, 0;
    %load/vec4 v000001f8c7cabce0_0;
    %addi 1, 0, 32;
    %store/vec4 v000001f8c7cabce0_0, 0, 32;
    %jmp T_9.2;
T_9.3 ;
    %jmp T_9.1;
T_9.0 ;
    %load/vec4 v000001f8c7caaf20_0;
    %flag_set/vec4 8;
    %jmp/0xz  T_9.4, 8;
    %load/vec4 v000001f8c7caaac0_0;
    %load/vec4 v000001f8c7caab60_0;
    %pad/u 7;
    %ix/vec4 4;
    %store/vec4a v000001f8c7caac00, 4, 0;
    %jmp T_9.5;
T_9.4 ;
    %load/vec4 v000001f8c7caab60_0;
    %pad/u 7;
    %ix/vec4 4;
    %load/vec4a v000001f8c7caac00, 4;
    %load/vec4 v000001f8c7caab60_0;
    %pad/u 7;
    %ix/vec4 4;
    %store/vec4a v000001f8c7caac00, 4, 0;
T_9.5 ;
T_9.1 ;
    %jmp T_9;
    .thread T_9;
    .scope S_000001f8c7bfc8f0;
T_10 ;
    %wait E_000001f8c7cb0510;
    %pushi/vec4 0, 0, 1;
    %store/vec4 v000001f8c7d259b0_0, 0, 1;
    %load/vec4 v000001f8c7d24bf0_0;
    %parti/s 1, 31, 6;
    %store/vec4 v000001f8c7d263b0_0, 0, 1;
    %load/vec4 v000001f8c7d250f0_0;
    %parti/s 1, 31, 6;
    %store/vec4 v000001f8c7d25f50_0, 0, 1;
    %load/vec4 v000001f8c7d24bf0_0;
    %parti/s 9, 23, 6;
    %pad/u 8;
    %store/vec4 v000001f8c7d25690_0, 0, 8;
    %load/vec4 v000001f8c7d250f0_0;
    %parti/s 9, 23, 6;
    %pad/u 8;
    %store/vec4 v000001f8c7d25410_0, 0, 8;
    %pushi/vec4 1, 0, 1;
    %load/vec4 v000001f8c7d24bf0_0;
    %parti/s 23, 0, 2;
    %concat/vec4; draw_concat_vec4
    %store/vec4 v000001f8c7d24830_0, 0, 24;
    %pushi/vec4 1, 0, 1;
    %load/vec4 v000001f8c7d250f0_0;
    %parti/s 23, 0, 2;
    %concat/vec4; draw_concat_vec4
    %store/vec4 v000001f8c7d25af0_0, 0, 24;
    %load/vec4 v000001f8c7d263b0_0;
    %load/vec4 v000001f8c7d25f50_0;
    %cmp/e;
    %jmp/0xz  T_10.0, 4;
    %load/vec4 v000001f8c7d25410_0;
    %load/vec4 v000001f8c7d25690_0;
    %cmp/u;
    %jmp/0xz  T_10.2, 5;
    %load/vec4 v000001f8c7d25690_0;
    %load/vec4 v000001f8c7d25410_0;
    %sub;
    %store/vec4 v000001f8c7d25eb0_0, 0, 8;
    %load/vec4 v000001f8c7d25af0_0;
    %ix/getv 4, v000001f8c7d25eb0_0;
    %shiftr 4;
    %pad/u 23;
    %store/vec4 v000001f8c7d26130_0, 0, 23;
    %load/vec4 v000001f8c7d26130_0;
    %pad/u 25;
    %load/vec4 v000001f8c7d24830_0;
    %pad/u 25;
    %add;
    %store/vec4 v000001f8c7d24b50_0, 0, 25;
    %load/vec4 v000001f8c7d24b50_0;
    %parti/s 1, 24, 6;
    %pad/u 32;
    %cmpi/e 1, 0, 32;
    %jmp/0xz  T_10.4, 4;
    %load/vec4 v000001f8c7d24b50_0;
    %ix/load 4, 1, 0;
    %flag_set/imm 4, 0;
    %shiftr 4;
    %store/vec4 v000001f8c7d24b50_0, 0, 25;
    %load/vec4 v000001f8c7d25690_0;
    %addi 1, 0, 8;
    %store/vec4 v000001f8c7d25690_0, 0, 8;
    %jmp T_10.5;
T_10.4 ;
    %load/vec4 v000001f8c7d24b50_0;
    %store/vec4 v000001f8c7d24b50_0, 0, 25;
T_10.5 ;
    %load/vec4 v000001f8c7d263b0_0;
    %load/vec4 v000001f8c7d25690_0;
    %concat/vec4; draw_concat_vec4
    %load/vec4 v000001f8c7d24b50_0;
    %parti/s 23, 0, 2;
    %concat/vec4; draw_concat_vec4
    %store/vec4 v000001f8c7d24d30_0, 0, 32;
    %jmp T_10.3;
T_10.2 ;
    %load/vec4 v000001f8c7d25410_0;
    %load/vec4 v000001f8c7d25690_0;
    %sub;
    %store/vec4 v000001f8c7d25eb0_0, 0, 8;
    %load/vec4 v000001f8c7d24830_0;
    %ix/getv 4, v000001f8c7d25eb0_0;
    %shiftr 4;
    %pad/u 23;
    %store/vec4 v000001f8c7d24dd0_0, 0, 23;
    %load/vec4 v000001f8c7d24dd0_0;
    %pad/u 25;
    %load/vec4 v000001f8c7d25af0_0;
    %pad/u 25;
    %add;
    %store/vec4 v000001f8c7d24b50_0, 0, 25;
    %load/vec4 v000001f8c7d24b50_0;
    %parti/s 1, 24, 6;
    %pad/u 32;
    %cmpi/e 1, 0, 32;
    %jmp/0xz  T_10.6, 4;
    %load/vec4 v000001f8c7d24b50_0;
    %ix/load 4, 1, 0;
    %flag_set/imm 4, 0;
    %shiftr 4;
    %store/vec4 v000001f8c7d24b50_0, 0, 25;
    %load/vec4 v000001f8c7d25410_0;
    %addi 1, 0, 8;
    %store/vec4 v000001f8c7d25410_0, 0, 8;
    %jmp T_10.7;
T_10.6 ;
    %load/vec4 v000001f8c7d24b50_0;
    %store/vec4 v000001f8c7d24b50_0, 0, 25;
T_10.7 ;
    %load/vec4 v000001f8c7d25f50_0;
    %load/vec4 v000001f8c7d25410_0;
    %concat/vec4; draw_concat_vec4
    %load/vec4 v000001f8c7d24b50_0;
    %parti/s 23, 0, 2;
    %concat/vec4; draw_concat_vec4
    %store/vec4 v000001f8c7d24d30_0, 0, 32;
T_10.3 ;
    %jmp T_10.1;
T_10.0 ;
    %load/vec4 v000001f8c7d250f0_0;
    %parti/s 31, 0, 2;
    %load/vec4 v000001f8c7d24bf0_0;
    %parti/s 31, 0, 2;
    %cmp/u;
    %jmp/0xz  T_10.8, 5;
    %load/vec4 v000001f8c7d25690_0;
    %load/vec4 v000001f8c7d25410_0;
    %sub;
    %store/vec4 v000001f8c7d25eb0_0, 0, 8;
    %load/vec4 v000001f8c7d25af0_0;
    %ix/getv 4, v000001f8c7d25eb0_0;
    %shiftr 4;
    %pad/u 23;
    %store/vec4 v000001f8c7d26130_0, 0, 23;
    %load/vec4 v000001f8c7d24830_0;
    %load/vec4 v000001f8c7d26130_0;
    %pad/u 24;
    %sub;
    %store/vec4 v000001f8c7d24830_0, 0, 24;
    %load/vec4 v000001f8c7d24830_0;
    %parti/s 1, 22, 6;
    %pad/u 32;
    %cmpi/e 1, 0, 32;
    %jmp/0xz  T_10.10, 4;
    %load/vec4 v000001f8c7d25690_0;
    %subi 1, 0, 8;
    %store/vec4 v000001f8c7d25690_0, 0, 8;
    %load/vec4 v000001f8c7d24830_0;
    %ix/load 4, 1, 0;
    %flag_set/imm 4, 0;
    %shiftl 4;
    %store/vec4 v000001f8c7d24830_0, 0, 24;
    %jmp T_10.11;
T_10.10 ;
    %load/vec4 v000001f8c7d24830_0;
    %parti/s 1, 21, 6;
    %pad/u 32;
    %cmpi/e 1, 0, 32;
    %jmp/0xz  T_10.12, 4;
    %load/vec4 v000001f8c7d25690_0;
    %subi 2, 0, 8;
    %store/vec4 v000001f8c7d25690_0, 0, 8;
    %load/vec4 v000001f8c7d24830_0;
    %ix/load 4, 2, 0;
    %flag_set/imm 4, 0;
    %shiftl 4;
    %store/vec4 v000001f8c7d24830_0, 0, 24;
    %jmp T_10.13;
T_10.12 ;
    %load/vec4 v000001f8c7d24830_0;
    %parti/s 1, 20, 6;
    %pad/u 32;
    %cmpi/e 1, 0, 32;
    %jmp/0xz  T_10.14, 4;
    %load/vec4 v000001f8c7d25690_0;
    %subi 3, 0, 8;
    %store/vec4 v000001f8c7d25690_0, 0, 8;
    %load/vec4 v000001f8c7d24830_0;
    %ix/load 4, 3, 0;
    %flag_set/imm 4, 0;
    %shiftl 4;
    %store/vec4 v000001f8c7d24830_0, 0, 24;
    %jmp T_10.15;
T_10.14 ;
    %load/vec4 v000001f8c7d24830_0;
    %parti/s 1, 19, 6;
    %pad/u 32;
    %cmpi/e 1, 0, 32;
    %jmp/0xz  T_10.16, 4;
    %load/vec4 v000001f8c7d25690_0;
    %subi 4, 0, 8;
    %store/vec4 v000001f8c7d25690_0, 0, 8;
    %load/vec4 v000001f8c7d24830_0;
    %ix/load 4, 4, 0;
    %flag_set/imm 4, 0;
    %shiftl 4;
    %store/vec4 v000001f8c7d24830_0, 0, 24;
    %jmp T_10.17;
T_10.16 ;
    %load/vec4 v000001f8c7d24830_0;
    %parti/s 1, 18, 6;
    %pad/u 32;
    %cmpi/e 1, 0, 32;
    %jmp/0xz  T_10.18, 4;
    %load/vec4 v000001f8c7d25690_0;
    %subi 5, 0, 8;
    %store/vec4 v000001f8c7d25690_0, 0, 8;
    %load/vec4 v000001f8c7d24830_0;
    %ix/load 4, 5, 0;
    %flag_set/imm 4, 0;
    %shiftl 4;
    %store/vec4 v000001f8c7d24830_0, 0, 24;
    %jmp T_10.19;
T_10.18 ;
    %load/vec4 v000001f8c7d24830_0;
    %parti/s 1, 17, 6;
    %pad/u 32;
    %cmpi/e 1, 0, 32;
    %jmp/0xz  T_10.20, 4;
    %load/vec4 v000001f8c7d25690_0;
    %subi 6, 0, 8;
    %store/vec4 v000001f8c7d25690_0, 0, 8;
    %load/vec4 v000001f8c7d24830_0;
    %ix/load 4, 6, 0;
    %flag_set/imm 4, 0;
    %shiftl 4;
    %store/vec4 v000001f8c7d24830_0, 0, 24;
    %jmp T_10.21;
T_10.20 ;
    %load/vec4 v000001f8c7d24830_0;
    %parti/s 1, 16, 6;
    %pad/u 32;
    %cmpi/e 1, 0, 32;
    %jmp/0xz  T_10.22, 4;
    %load/vec4 v000001f8c7d25690_0;
    %subi 7, 0, 8;
    %store/vec4 v000001f8c7d25690_0, 0, 8;
    %load/vec4 v000001f8c7d24830_0;
    %ix/load 4, 7, 0;
    %flag_set/imm 4, 0;
    %shiftl 4;
    %store/vec4 v000001f8c7d24830_0, 0, 24;
    %jmp T_10.23;
T_10.22 ;
    %load/vec4 v000001f8c7d24830_0;
    %parti/s 1, 15, 5;
    %pad/u 32;
    %cmpi/e 1, 0, 32;
    %jmp/0xz  T_10.24, 4;
    %load/vec4 v000001f8c7d25690_0;
    %subi 8, 0, 8;
    %store/vec4 v000001f8c7d25690_0, 0, 8;
    %load/vec4 v000001f8c7d24830_0;
    %ix/load 4, 8, 0;
    %flag_set/imm 4, 0;
    %shiftl 4;
    %store/vec4 v000001f8c7d24830_0, 0, 24;
    %jmp T_10.25;
T_10.24 ;
    %load/vec4 v000001f8c7d24830_0;
    %parti/s 1, 14, 5;
    %pad/u 32;
    %cmpi/e 1, 0, 32;
    %jmp/0xz  T_10.26, 4;
    %load/vec4 v000001f8c7d25690_0;
    %subi 9, 0, 8;
    %store/vec4 v000001f8c7d25690_0, 0, 8;
    %load/vec4 v000001f8c7d24830_0;
    %ix/load 4, 9, 0;
    %flag_set/imm 4, 0;
    %shiftl 4;
    %store/vec4 v000001f8c7d24830_0, 0, 24;
    %jmp T_10.27;
T_10.26 ;
    %load/vec4 v000001f8c7d24830_0;
    %parti/s 1, 13, 5;
    %pad/u 32;
    %cmpi/e 1, 0, 32;
    %jmp/0xz  T_10.28, 4;
    %load/vec4 v000001f8c7d25690_0;
    %subi 10, 0, 8;
    %store/vec4 v000001f8c7d25690_0, 0, 8;
    %load/vec4 v000001f8c7d24830_0;
    %ix/load 4, 10, 0;
    %flag_set/imm 4, 0;
    %shiftl 4;
    %store/vec4 v000001f8c7d24830_0, 0, 24;
    %jmp T_10.29;
T_10.28 ;
    %load/vec4 v000001f8c7d24830_0;
    %parti/s 1, 12, 5;
    %pad/u 32;
    %cmpi/e 1, 0, 32;
    %jmp/0xz  T_10.30, 4;
    %load/vec4 v000001f8c7d25690_0;
    %subi 11, 0, 8;
    %store/vec4 v000001f8c7d25690_0, 0, 8;
    %load/vec4 v000001f8c7d24830_0;
    %ix/load 4, 11, 0;
    %flag_set/imm 4, 0;
    %shiftl 4;
    %store/vec4 v000001f8c7d24830_0, 0, 24;
    %jmp T_10.31;
T_10.30 ;
    %load/vec4 v000001f8c7d24830_0;
    %parti/s 1, 11, 5;
    %pad/u 32;
    %cmpi/e 1, 0, 32;
    %jmp/0xz  T_10.32, 4;
    %load/vec4 v000001f8c7d25690_0;
    %subi 12, 0, 8;
    %store/vec4 v000001f8c7d25690_0, 0, 8;
    %load/vec4 v000001f8c7d24830_0;
    %ix/load 4, 12, 0;
    %flag_set/imm 4, 0;
    %shiftl 4;
    %store/vec4 v000001f8c7d24830_0, 0, 24;
    %jmp T_10.33;
T_10.32 ;
    %load/vec4 v000001f8c7d24830_0;
    %parti/s 1, 10, 5;
    %pad/u 32;
    %cmpi/e 1, 0, 32;
    %jmp/0xz  T_10.34, 4;
    %load/vec4 v000001f8c7d25690_0;
    %subi 13, 0, 8;
    %store/vec4 v000001f8c7d25690_0, 0, 8;
    %load/vec4 v000001f8c7d24830_0;
    %ix/load 4, 13, 0;
    %flag_set/imm 4, 0;
    %shiftl 4;
    %store/vec4 v000001f8c7d24830_0, 0, 24;
    %jmp T_10.35;
T_10.34 ;
    %load/vec4 v000001f8c7d24830_0;
    %parti/s 1, 9, 5;
    %pad/u 32;
    %cmpi/e 1, 0, 32;
    %jmp/0xz  T_10.36, 4;
    %load/vec4 v000001f8c7d25690_0;
    %subi 14, 0, 8;
    %store/vec4 v000001f8c7d25690_0, 0, 8;
    %load/vec4 v000001f8c7d24830_0;
    %ix/load 4, 14, 0;
    %flag_set/imm 4, 0;
    %shiftl 4;
    %store/vec4 v000001f8c7d24830_0, 0, 24;
    %jmp T_10.37;
T_10.36 ;
    %load/vec4 v000001f8c7d24830_0;
    %parti/s 1, 8, 5;
    %pad/u 32;
    %cmpi/e 1, 0, 32;
    %jmp/0xz  T_10.38, 4;
    %load/vec4 v000001f8c7d25690_0;
    %subi 15, 0, 8;
    %store/vec4 v000001f8c7d25690_0, 0, 8;
    %load/vec4 v000001f8c7d24830_0;
    %ix/load 4, 15, 0;
    %flag_set/imm 4, 0;
    %shiftl 4;
    %store/vec4 v000001f8c7d24830_0, 0, 24;
    %jmp T_10.39;
T_10.38 ;
    %load/vec4 v000001f8c7d24830_0;
    %parti/s 1, 7, 4;
    %pad/u 32;
    %cmpi/e 1, 0, 32;
    %jmp/0xz  T_10.40, 4;
    %load/vec4 v000001f8c7d25690_0;
    %subi 16, 0, 8;
    %store/vec4 v000001f8c7d25690_0, 0, 8;
    %load/vec4 v000001f8c7d24830_0;
    %ix/load 4, 16, 0;
    %flag_set/imm 4, 0;
    %shiftl 4;
    %store/vec4 v000001f8c7d24830_0, 0, 24;
    %jmp T_10.41;
T_10.40 ;
    %load/vec4 v000001f8c7d24830_0;
    %parti/s 1, 6, 4;
    %pad/u 32;
    %cmpi/e 1, 0, 32;
    %jmp/0xz  T_10.42, 4;
    %load/vec4 v000001f8c7d25690_0;
    %subi 17, 0, 8;
    %store/vec4 v000001f8c7d25690_0, 0, 8;
    %load/vec4 v000001f8c7d24830_0;
    %ix/load 4, 17, 0;
    %flag_set/imm 4, 0;
    %shiftl 4;
    %store/vec4 v000001f8c7d24830_0, 0, 24;
    %jmp T_10.43;
T_10.42 ;
    %load/vec4 v000001f8c7d24830_0;
    %parti/s 1, 5, 4;
    %pad/u 32;
    %cmpi/e 1, 0, 32;
    %jmp/0xz  T_10.44, 4;
    %load/vec4 v000001f8c7d25690_0;
    %subi 18, 0, 8;
    %store/vec4 v000001f8c7d25690_0, 0, 8;
    %load/vec4 v000001f8c7d24830_0;
    %ix/load 4, 18, 0;
    %flag_set/imm 4, 0;
    %shiftl 4;
    %store/vec4 v000001f8c7d24830_0, 0, 24;
    %jmp T_10.45;
T_10.44 ;
    %load/vec4 v000001f8c7d24830_0;
    %parti/s 1, 4, 4;
    %pad/u 32;
    %cmpi/e 1, 0, 32;
    %jmp/0xz  T_10.46, 4;
    %load/vec4 v000001f8c7d25690_0;
    %subi 19, 0, 8;
    %store/vec4 v000001f8c7d25690_0, 0, 8;
    %load/vec4 v000001f8c7d24830_0;
    %ix/load 4, 19, 0;
    %flag_set/imm 4, 0;
    %shiftl 4;
    %store/vec4 v000001f8c7d24830_0, 0, 24;
    %jmp T_10.47;
T_10.46 ;
    %load/vec4 v000001f8c7d24830_0;
    %parti/s 1, 3, 3;
    %pad/u 32;
    %cmpi/e 1, 0, 32;
    %jmp/0xz  T_10.48, 4;
    %load/vec4 v000001f8c7d25690_0;
    %subi 20, 0, 8;
    %store/vec4 v000001f8c7d25690_0, 0, 8;
    %load/vec4 v000001f8c7d24830_0;
    %ix/load 4, 20, 0;
    %flag_set/imm 4, 0;
    %shiftl 4;
    %store/vec4 v000001f8c7d24830_0, 0, 24;
    %jmp T_10.49;
T_10.48 ;
    %load/vec4 v000001f8c7d24830_0;
    %parti/s 1, 2, 3;
    %pad/u 32;
    %cmpi/e 1, 0, 32;
    %jmp/0xz  T_10.50, 4;
    %load/vec4 v000001f8c7d25690_0;
    %subi 21, 0, 8;
    %store/vec4 v000001f8c7d25690_0, 0, 8;
    %load/vec4 v000001f8c7d24830_0;
    %ix/load 4, 21, 0;
    %flag_set/imm 4, 0;
    %shiftl 4;
    %store/vec4 v000001f8c7d24830_0, 0, 24;
    %jmp T_10.51;
T_10.50 ;
    %load/vec4 v000001f8c7d24830_0;
    %parti/s 1, 1, 2;
    %pad/u 32;
    %cmpi/e 1, 0, 32;
    %jmp/0xz  T_10.52, 4;
    %load/vec4 v000001f8c7d25690_0;
    %subi 22, 0, 8;
    %store/vec4 v000001f8c7d25690_0, 0, 8;
    %load/vec4 v000001f8c7d24830_0;
    %ix/load 4, 22, 0;
    %flag_set/imm 4, 0;
    %shiftl 4;
    %store/vec4 v000001f8c7d24830_0, 0, 24;
    %jmp T_10.53;
T_10.52 ;
    %load/vec4 v000001f8c7d24830_0;
    %parti/s 1, 0, 2;
    %pad/u 32;
    %cmpi/e 1, 0, 32;
    %jmp/0xz  T_10.54, 4;
    %load/vec4 v000001f8c7d25690_0;
    %subi 23, 0, 8;
    %store/vec4 v000001f8c7d25690_0, 0, 8;
    %load/vec4 v000001f8c7d24830_0;
    %ix/load 4, 23, 0;
    %flag_set/imm 4, 0;
    %shiftl 4;
    %store/vec4 v000001f8c7d24830_0, 0, 24;
    %jmp T_10.55;
T_10.54 ;
    %load/vec4 v000001f8c7d25690_0;
    %store/vec4 v000001f8c7d25690_0, 0, 8;
    %load/vec4 v000001f8c7d24830_0;
    %store/vec4 v000001f8c7d24830_0, 0, 24;
T_10.55 ;
T_10.53 ;
T_10.51 ;
T_10.49 ;
T_10.47 ;
T_10.45 ;
T_10.43 ;
T_10.41 ;
T_10.39 ;
T_10.37 ;
T_10.35 ;
T_10.33 ;
T_10.31 ;
T_10.29 ;
T_10.27 ;
T_10.25 ;
T_10.23 ;
T_10.21 ;
T_10.19 ;
T_10.17 ;
T_10.15 ;
T_10.13 ;
T_10.11 ;
    %load/vec4 v000001f8c7d263b0_0;
    %load/vec4 v000001f8c7d25690_0;
    %concat/vec4; draw_concat_vec4
    %load/vec4 v000001f8c7d24830_0;
    %parti/s 23, 0, 2;
    %concat/vec4; draw_concat_vec4
    %store/vec4 v000001f8c7d24d30_0, 0, 32;
    %jmp T_10.9;
T_10.8 ;
    %load/vec4 v000001f8c7d25410_0;
    %load/vec4 v000001f8c7d25690_0;
    %sub;
    %store/vec4 v000001f8c7d25eb0_0, 0, 8;
    %load/vec4 v000001f8c7d24830_0;
    %ix/getv 4, v000001f8c7d25eb0_0;
    %shiftr 4;
    %pad/u 23;
    %store/vec4 v000001f8c7d26130_0, 0, 23;
    %load/vec4 v000001f8c7d25af0_0;
    %load/vec4 v000001f8c7d26130_0;
    %pad/u 24;
    %sub;
    %store/vec4 v000001f8c7d24830_0, 0, 24;
    %load/vec4 v000001f8c7d25410_0;
    %store/vec4 v000001f8c7d25690_0, 0, 8;
    %load/vec4 v000001f8c7d24830_0;
    %parti/s 1, 22, 6;
    %pad/u 32;
    %cmpi/e 1, 0, 32;
    %jmp/0xz  T_10.56, 4;
    %load/vec4 v000001f8c7d25690_0;
    %subi 1, 0, 8;
    %store/vec4 v000001f8c7d25690_0, 0, 8;
    %load/vec4 v000001f8c7d24830_0;
    %ix/load 4, 1, 0;
    %flag_set/imm 4, 0;
    %shiftl 4;
    %store/vec4 v000001f8c7d24830_0, 0, 24;
    %jmp T_10.57;
T_10.56 ;
    %load/vec4 v000001f8c7d24830_0;
    %parti/s 1, 21, 6;
    %pad/u 32;
    %cmpi/e 1, 0, 32;
    %jmp/0xz  T_10.58, 4;
    %load/vec4 v000001f8c7d25690_0;
    %subi 2, 0, 8;
    %store/vec4 v000001f8c7d25690_0, 0, 8;
    %load/vec4 v000001f8c7d24830_0;
    %ix/load 4, 2, 0;
    %flag_set/imm 4, 0;
    %shiftl 4;
    %store/vec4 v000001f8c7d24830_0, 0, 24;
    %jmp T_10.59;
T_10.58 ;
    %load/vec4 v000001f8c7d24830_0;
    %parti/s 1, 20, 6;
    %pad/u 32;
    %cmpi/e 1, 0, 32;
    %jmp/0xz  T_10.60, 4;
    %load/vec4 v000001f8c7d25690_0;
    %subi 3, 0, 8;
    %store/vec4 v000001f8c7d25690_0, 0, 8;
    %load/vec4 v000001f8c7d24830_0;
    %ix/load 4, 3, 0;
    %flag_set/imm 4, 0;
    %shiftl 4;
    %store/vec4 v000001f8c7d24830_0, 0, 24;
    %jmp T_10.61;
T_10.60 ;
    %load/vec4 v000001f8c7d24830_0;
    %parti/s 1, 19, 6;
    %pad/u 32;
    %cmpi/e 1, 0, 32;
    %jmp/0xz  T_10.62, 4;
    %load/vec4 v000001f8c7d25690_0;
    %subi 4, 0, 8;
    %store/vec4 v000001f8c7d25690_0, 0, 8;
    %load/vec4 v000001f8c7d24830_0;
    %ix/load 4, 4, 0;
    %flag_set/imm 4, 0;
    %shiftl 4;
    %store/vec4 v000001f8c7d24830_0, 0, 24;
    %jmp T_10.63;
T_10.62 ;
    %load/vec4 v000001f8c7d24830_0;
    %parti/s 1, 18, 6;
    %pad/u 32;
    %cmpi/e 1, 0, 32;
    %jmp/0xz  T_10.64, 4;
    %load/vec4 v000001f8c7d25690_0;
    %subi 5, 0, 8;
    %store/vec4 v000001f8c7d25690_0, 0, 8;
    %load/vec4 v000001f8c7d24830_0;
    %ix/load 4, 5, 0;
    %flag_set/imm 4, 0;
    %shiftl 4;
    %store/vec4 v000001f8c7d24830_0, 0, 24;
    %jmp T_10.65;
T_10.64 ;
    %load/vec4 v000001f8c7d24830_0;
    %parti/s 1, 17, 6;
    %pad/u 32;
    %cmpi/e 1, 0, 32;
    %jmp/0xz  T_10.66, 4;
    %load/vec4 v000001f8c7d25690_0;
    %subi 6, 0, 8;
    %store/vec4 v000001f8c7d25690_0, 0, 8;
    %load/vec4 v000001f8c7d24830_0;
    %ix/load 4, 6, 0;
    %flag_set/imm 4, 0;
    %shiftl 4;
    %store/vec4 v000001f8c7d24830_0, 0, 24;
    %jmp T_10.67;
T_10.66 ;
    %load/vec4 v000001f8c7d24830_0;
    %parti/s 1, 16, 6;
    %pad/u 32;
    %cmpi/e 1, 0, 32;
    %jmp/0xz  T_10.68, 4;
    %load/vec4 v000001f8c7d25690_0;
    %subi 7, 0, 8;
    %store/vec4 v000001f8c7d25690_0, 0, 8;
    %load/vec4 v000001f8c7d24830_0;
    %ix/load 4, 7, 0;
    %flag_set/imm 4, 0;
    %shiftl 4;
    %store/vec4 v000001f8c7d24830_0, 0, 24;
    %jmp T_10.69;
T_10.68 ;
    %load/vec4 v000001f8c7d24830_0;
    %parti/s 1, 15, 5;
    %pad/u 32;
    %cmpi/e 1, 0, 32;
    %jmp/0xz  T_10.70, 4;
    %load/vec4 v000001f8c7d25690_0;
    %subi 8, 0, 8;
    %store/vec4 v000001f8c7d25690_0, 0, 8;
    %load/vec4 v000001f8c7d24830_0;
    %ix/load 4, 8, 0;
    %flag_set/imm 4, 0;
    %shiftl 4;
    %store/vec4 v000001f8c7d24830_0, 0, 24;
    %jmp T_10.71;
T_10.70 ;
    %load/vec4 v000001f8c7d24830_0;
    %parti/s 1, 14, 5;
    %pad/u 32;
    %cmpi/e 1, 0, 32;
    %jmp/0xz  T_10.72, 4;
    %load/vec4 v000001f8c7d25690_0;
    %subi 9, 0, 8;
    %store/vec4 v000001f8c7d25690_0, 0, 8;
    %load/vec4 v000001f8c7d24830_0;
    %ix/load 4, 9, 0;
    %flag_set/imm 4, 0;
    %shiftl 4;
    %store/vec4 v000001f8c7d24830_0, 0, 24;
    %jmp T_10.73;
T_10.72 ;
    %load/vec4 v000001f8c7d24830_0;
    %parti/s 1, 13, 5;
    %pad/u 32;
    %cmpi/e 1, 0, 32;
    %jmp/0xz  T_10.74, 4;
    %load/vec4 v000001f8c7d25690_0;
    %subi 10, 0, 8;
    %store/vec4 v000001f8c7d25690_0, 0, 8;
    %load/vec4 v000001f8c7d24830_0;
    %ix/load 4, 10, 0;
    %flag_set/imm 4, 0;
    %shiftl 4;
    %store/vec4 v000001f8c7d24830_0, 0, 24;
    %jmp T_10.75;
T_10.74 ;
    %load/vec4 v000001f8c7d24830_0;
    %parti/s 1, 12, 5;
    %pad/u 32;
    %cmpi/e 1, 0, 32;
    %jmp/0xz  T_10.76, 4;
    %load/vec4 v000001f8c7d25690_0;
    %subi 11, 0, 8;
    %store/vec4 v000001f8c7d25690_0, 0, 8;
    %load/vec4 v000001f8c7d24830_0;
    %ix/load 4, 11, 0;
    %flag_set/imm 4, 0;
    %shiftl 4;
    %store/vec4 v000001f8c7d24830_0, 0, 24;
    %jmp T_10.77;
T_10.76 ;
    %load/vec4 v000001f8c7d24830_0;
    %parti/s 1, 11, 5;
    %pad/u 32;
    %cmpi/e 1, 0, 32;
    %jmp/0xz  T_10.78, 4;
    %load/vec4 v000001f8c7d25690_0;
    %subi 12, 0, 8;
    %store/vec4 v000001f8c7d25690_0, 0, 8;
    %load/vec4 v000001f8c7d24830_0;
    %ix/load 4, 12, 0;
    %flag_set/imm 4, 0;
    %shiftl 4;
    %store/vec4 v000001f8c7d24830_0, 0, 24;
    %jmp T_10.79;
T_10.78 ;
    %load/vec4 v000001f8c7d24830_0;
    %parti/s 1, 10, 5;
    %pad/u 32;
    %cmpi/e 1, 0, 32;
    %jmp/0xz  T_10.80, 4;
    %load/vec4 v000001f8c7d25690_0;
    %subi 13, 0, 8;
    %store/vec4 v000001f8c7d25690_0, 0, 8;
    %load/vec4 v000001f8c7d24830_0;
    %ix/load 4, 13, 0;
    %flag_set/imm 4, 0;
    %shiftl 4;
    %store/vec4 v000001f8c7d24830_0, 0, 24;
    %jmp T_10.81;
T_10.80 ;
    %load/vec4 v000001f8c7d24830_0;
    %parti/s 1, 9, 5;
    %pad/u 32;
    %cmpi/e 1, 0, 32;
    %jmp/0xz  T_10.82, 4;
    %load/vec4 v000001f8c7d25690_0;
    %subi 14, 0, 8;
    %store/vec4 v000001f8c7d25690_0, 0, 8;
    %load/vec4 v000001f8c7d24830_0;
    %ix/load 4, 14, 0;
    %flag_set/imm 4, 0;
    %shiftl 4;
    %store/vec4 v000001f8c7d24830_0, 0, 24;
    %jmp T_10.83;
T_10.82 ;
    %load/vec4 v000001f8c7d24830_0;
    %parti/s 1, 8, 5;
    %pad/u 32;
    %cmpi/e 1, 0, 32;
    %jmp/0xz  T_10.84, 4;
    %load/vec4 v000001f8c7d25690_0;
    %subi 15, 0, 8;
    %store/vec4 v000001f8c7d25690_0, 0, 8;
    %load/vec4 v000001f8c7d24830_0;
    %ix/load 4, 15, 0;
    %flag_set/imm 4, 0;
    %shiftl 4;
    %store/vec4 v000001f8c7d24830_0, 0, 24;
    %jmp T_10.85;
T_10.84 ;
    %load/vec4 v000001f8c7d24830_0;
    %parti/s 1, 7, 4;
    %pad/u 32;
    %cmpi/e 1, 0, 32;
    %jmp/0xz  T_10.86, 4;
    %load/vec4 v000001f8c7d25690_0;
    %subi 16, 0, 8;
    %store/vec4 v000001f8c7d25690_0, 0, 8;
    %load/vec4 v000001f8c7d24830_0;
    %ix/load 4, 16, 0;
    %flag_set/imm 4, 0;
    %shiftl 4;
    %store/vec4 v000001f8c7d24830_0, 0, 24;
    %jmp T_10.87;
T_10.86 ;
    %load/vec4 v000001f8c7d24830_0;
    %parti/s 1, 6, 4;
    %pad/u 32;
    %cmpi/e 1, 0, 32;
    %jmp/0xz  T_10.88, 4;
    %load/vec4 v000001f8c7d25690_0;
    %subi 17, 0, 8;
    %store/vec4 v000001f8c7d25690_0, 0, 8;
    %load/vec4 v000001f8c7d24830_0;
    %ix/load 4, 17, 0;
    %flag_set/imm 4, 0;
    %shiftl 4;
    %store/vec4 v000001f8c7d24830_0, 0, 24;
    %jmp T_10.89;
T_10.88 ;
    %load/vec4 v000001f8c7d24830_0;
    %parti/s 1, 5, 4;
    %pad/u 32;
    %cmpi/e 1, 0, 32;
    %jmp/0xz  T_10.90, 4;
    %load/vec4 v000001f8c7d25690_0;
    %subi 18, 0, 8;
    %store/vec4 v000001f8c7d25690_0, 0, 8;
    %load/vec4 v000001f8c7d24830_0;
    %ix/load 4, 18, 0;
    %flag_set/imm 4, 0;
    %shiftl 4;
    %store/vec4 v000001f8c7d24830_0, 0, 24;
    %jmp T_10.91;
T_10.90 ;
    %load/vec4 v000001f8c7d24830_0;
    %parti/s 1, 4, 4;
    %pad/u 32;
    %cmpi/e 1, 0, 32;
    %jmp/0xz  T_10.92, 4;
    %load/vec4 v000001f8c7d25690_0;
    %subi 19, 0, 8;
    %store/vec4 v000001f8c7d25690_0, 0, 8;
    %load/vec4 v000001f8c7d24830_0;
    %ix/load 4, 19, 0;
    %flag_set/imm 4, 0;
    %shiftl 4;
    %store/vec4 v000001f8c7d24830_0, 0, 24;
    %jmp T_10.93;
T_10.92 ;
    %load/vec4 v000001f8c7d24830_0;
    %parti/s 1, 3, 3;
    %pad/u 32;
    %cmpi/e 1, 0, 32;
    %jmp/0xz  T_10.94, 4;
    %load/vec4 v000001f8c7d25690_0;
    %subi 20, 0, 8;
    %store/vec4 v000001f8c7d25690_0, 0, 8;
    %load/vec4 v000001f8c7d24830_0;
    %ix/load 4, 20, 0;
    %flag_set/imm 4, 0;
    %shiftl 4;
    %store/vec4 v000001f8c7d24830_0, 0, 24;
    %jmp T_10.95;
T_10.94 ;
    %load/vec4 v000001f8c7d24830_0;
    %parti/s 1, 2, 3;
    %pad/u 32;
    %cmpi/e 1, 0, 32;
    %jmp/0xz  T_10.96, 4;
    %load/vec4 v000001f8c7d25690_0;
    %subi 21, 0, 8;
    %store/vec4 v000001f8c7d25690_0, 0, 8;
    %load/vec4 v000001f8c7d24830_0;
    %ix/load 4, 21, 0;
    %flag_set/imm 4, 0;
    %shiftl 4;
    %store/vec4 v000001f8c7d24830_0, 0, 24;
    %jmp T_10.97;
T_10.96 ;
    %load/vec4 v000001f8c7d24830_0;
    %parti/s 1, 1, 2;
    %pad/u 32;
    %cmpi/e 1, 0, 32;
    %jmp/0xz  T_10.98, 4;
    %load/vec4 v000001f8c7d25690_0;
    %subi 22, 0, 8;
    %store/vec4 v000001f8c7d25690_0, 0, 8;
    %load/vec4 v000001f8c7d24830_0;
    %ix/load 4, 22, 0;
    %flag_set/imm 4, 0;
    %shiftl 4;
    %store/vec4 v000001f8c7d24830_0, 0, 24;
    %jmp T_10.99;
T_10.98 ;
    %load/vec4 v000001f8c7d24830_0;
    %parti/s 1, 0, 2;
    %pad/u 32;
    %cmpi/e 1, 0, 32;
    %jmp/0xz  T_10.100, 4;
    %load/vec4 v000001f8c7d25690_0;
    %subi 23, 0, 8;
    %store/vec4 v000001f8c7d25690_0, 0, 8;
    %load/vec4 v000001f8c7d24830_0;
    %ix/load 4, 23, 0;
    %flag_set/imm 4, 0;
    %shiftl 4;
    %store/vec4 v000001f8c7d24830_0, 0, 24;
    %jmp T_10.101;
T_10.100 ;
    %load/vec4 v000001f8c7d25690_0;
    %store/vec4 v000001f8c7d25690_0, 0, 8;
    %load/vec4 v000001f8c7d24830_0;
    %store/vec4 v000001f8c7d24830_0, 0, 24;
T_10.101 ;
T_10.99 ;
T_10.97 ;
T_10.95 ;
T_10.93 ;
T_10.91 ;
T_10.89 ;
T_10.87 ;
T_10.85 ;
T_10.83 ;
T_10.81 ;
T_10.79 ;
T_10.77 ;
T_10.75 ;
T_10.73 ;
T_10.71 ;
T_10.69 ;
T_10.67 ;
T_10.65 ;
T_10.63 ;
T_10.61 ;
T_10.59 ;
T_10.57 ;
    %load/vec4 v000001f8c7d25f50_0;
    %load/vec4 v000001f8c7d25690_0;
    %concat/vec4; draw_concat_vec4
    %load/vec4 v000001f8c7d24830_0;
    %parti/s 23, 0, 2;
    %concat/vec4; draw_concat_vec4
    %store/vec4 v000001f8c7d24d30_0, 0, 32;
T_10.9 ;
T_10.1 ;
    %jmp T_10;
    .thread T_10, $push;
    .scope S_000001f8c7c45300;
T_11 ;
    %wait E_000001f8c7cb0ad0;
    %load/vec4 v000001f8c7d24790_0;
    %dup/vec4;
    %pushi/vec4 34, 0, 6;
    %cmp/u;
    %jmp/1 T_11.0, 6;
    %dup/vec4;
    %pushi/vec4 35, 0, 6;
    %cmp/u;
    %jmp/1 T_11.1, 6;
    %dup/vec4;
    %pushi/vec4 36, 0, 6;
    %cmp/u;
    %jmp/1 T_11.2, 6;
    %dup/vec4;
    %pushi/vec4 37, 0, 6;
    %cmp/u;
    %jmp/1 T_11.3, 6;
    %dup/vec4;
    %pushi/vec4 38, 0, 6;
    %cmp/u;
    %jmp/1 T_11.4, 6;
    %dup/vec4;
    %pushi/vec4 39, 0, 6;
    %cmp/u;
    %jmp/1 T_11.5, 6;
    %dup/vec4;
    %pushi/vec4 40, 0, 6;
    %cmp/u;
    %jmp/1 T_11.6, 6;
    %dup/vec4;
    %pushi/vec4 41, 0, 6;
    %cmp/u;
    %jmp/1 T_11.7, 6;
    %load/vec4 v000001f8c7d25190_0;
    %store/vec4 v000001f8c7d25190_0, 0, 32;
    %jmp T_11.9;
T_11.0 ;
    %load/vec4 v000001f8c7d25730_0;
    %store/vec4 v000001f8c7d25190_0, 0, 32;
    %jmp T_11.9;
T_11.1 ;
    %load/vec4 v000001f8c7d25730_0;
    %store/vec4 v000001f8c7d25190_0, 0, 32;
    %jmp T_11.9;
T_11.2 ;
    %load/vec4 v000001f8c7d252d0_0;
    %load/vec4 v000001f8c7d261d0_0;
    %cmp/e;
    %flag_get/vec4 4;
    %store/vec4 v000001f8c7d254b0_0, 0, 1;
    %jmp T_11.9;
T_11.3 ;
    %load/vec4 v000001f8c7d252d0_0;
    %load/vec4 v000001f8c7d261d0_0;
    %cmp/u;
    %flag_get/vec4 4;
    %flag_get/vec4 5;
    %or;
    %store/vec4 v000001f8c7d254b0_0, 0, 1;
    %jmp T_11.9;
T_11.4 ;
    %load/vec4 v000001f8c7d252d0_0;
    %load/vec4 v000001f8c7d261d0_0;
    %cmp/u;
    %flag_get/vec4 5;
    %store/vec4 v000001f8c7d254b0_0, 0, 1;
    %jmp T_11.9;
T_11.5 ;
    %load/vec4 v000001f8c7d261d0_0;
    %load/vec4 v000001f8c7d252d0_0;
    %cmp/u;
    %flag_get/vec4 4;
    %flag_get/vec4 5;
    %or;
    %store/vec4 v000001f8c7d254b0_0, 0, 1;
    %jmp T_11.9;
T_11.6 ;
    %load/vec4 v000001f8c7d261d0_0;
    %load/vec4 v000001f8c7d252d0_0;
    %cmp/u;
    %flag_get/vec4 5;
    %store/vec4 v000001f8c7d254b0_0, 0, 1;
    %jmp T_11.9;
T_11.7 ;
    %load/vec4 v000001f8c7d252d0_0;
    %store/vec4 v000001f8c7d25190_0, 0, 32;
    %jmp T_11.9;
T_11.9 ;
    %pop/vec4 1;
    %jmp T_11;
    .thread T_11, $push;
# The file index is used to find the file name in the following table.
:file_names 3;
    "N/A";
    "<interactive>";
    "Main_with_registers_as_Mem.v";
